{"/Users/ming/Documents/Documents/Software-development/code-test/tic-tac-toe-multiplayer/__tests__/test-utils/index.tsx": {"path":"/Users/ming/Documents/Documents/Software-development/code-test/tic-tac-toe-multiplayer/__tests__/test-utils/index.tsx","statementMap":{},"fnMap":{},"branchMap":{},"s":{},"f":{},"b":{},"meta":{"lastBranch":0,"lastFunction":0,"lastStatement":0,"seen":{}}}
,"/Users/ming/Documents/Documents/Software-development/code-test/tic-tac-toe-multiplayer/__tests__/test-utils/renderWithTheme.tsx": {"path":"/Users/ming/Documents/Documents/Software-development/code-test/tic-tac-toe-multiplayer/__tests__/test-utils/renderWithTheme.tsx","statementMap":{"0":{"start":{"line":13,"column":49},"end":{"line":13,"column":null}},"1":{"start":{"line":15,"column":17},"end":{"line":16,"column":null}},"2":{"start":{"line":15,"column":17},"end":{"line":15,"column":18}},"3":{"start":{"line":15,"column":18},"end":{"line":15,"column":55}},"4":{"start":{"line":15,"column":55},"end":{"line":16,"column":null}},"5":{"start":{"line":16,"column":2},"end":{"line":16,"column":57}},"6":{"start":{"line":16,"column":57},"end":{"line":16,"column":null}},"7":{"start":{"line":16,"column":57},"end":{"line":16,"column":3}},"8":{"start":{"line":19,"column":1},"end":{"line":19,"column":null}}},"fnMap":{"0":{"name":"renderWithTheme","decl":{"start":{"line":12,"column":16},"end":{"line":12,"column":32}},"loc":{"start":{"line":12,"column":99},"end":{"line":20,"column":null}},"line":12},"1":{"name":"(anonymous_1)","decl":{"start":{"line":15,"column":17},"end":{"line":15,"column":18}},"loc":{"start":{"line":15,"column":17},"end":{"line":16,"column":null}},"line":15}},"branchMap":{"0":{"loc":{"start":{"line":12,"column":50},"end":{"line":12,"column":99}},"type":"default-arg","locations":[{"start":{"line":12,"column":81},"end":{"line":12,"column":99}}],"line":12},"1":{"loc":{"start":{"line":13,"column":9},"end":{"line":13,"column":28}},"type":"default-arg","locations":[{"start":{"line":13,"column":17},"end":{"line":13,"column":28}}],"line":13},"2":{"loc":{"start":{"line":15,"column":55},"end":{"line":16,"column":null}},"type":"if","locations":[{"start":{"line":15,"column":55},"end":{"line":16,"column":null}},{"start":{"line":16,"column":57},"end":{"line":16,"column":null}}],"line":15}},"s":{"0":106,"1":106,"2":127,"3":127,"4":127,"5":124,"6":0,"7":124,"8":106},"f":{"0":106,"1":127},"b":{"0":[106],"1":[106],"2":[124,0]},"meta":{"lastBranch":3,"lastFunction":2,"lastStatement":9,"seen":{"f:12:16:12:32":0,"b:12:81:12:99":0,"s:13:49:13:Infinity":0,"b:13:17:13:28":1,"s:15:17:16:Infinity":1,"f:15:17:15:18":1,"s:15:17:15:18":2,"s:15:18:15:55":3,"b:15:55:16:Infinity:16:57:16:Infinity":2,"s:15:55:16:Infinity":4,"s:16:2:16:57":5,"s:16:57:16:Infinity":6,"s:16:57:16:3":7,"s:19:1:19:Infinity":8}}}
,"/Users/ming/Documents/Documents/Software-development/code-test/tic-tac-toe-multiplayer/src/components/AuthForm/AuthForm.style.tsx": {"path":"/Users/ming/Documents/Documents/Software-development/code-test/tic-tac-toe-multiplayer/src/components/AuthForm/AuthForm.style.tsx","statementMap":{"0":{"start":{"line":4,"column":22},"end":{"line":9,"column":null}},"1":{"start":{"line":7,"column":30},"end":{"line":7,"column":58}},"2":{"start":{"line":8,"column":27},"end":{"line":8,"column":54}},"3":{"start":{"line":9,"column":24},"end":{"line":9,"column":46}},"4":{"start":{"line":13,"column":15},"end":{"line":13,"column":null}},"5":{"start":{"line":18,"column":14},"end":{"line":21,"column":null}},"6":{"start":{"line":19,"column":23},"end":{"line":19,"column":50}},"7":{"start":{"line":20,"column":25},"end":{"line":20,"column":52}},"8":{"start":{"line":21,"column":19},"end":{"line":21,"column":49}},"9":{"start":{"line":25,"column":17},"end":{"line":26,"column":null}},"10":{"start":{"line":26,"column":19},"end":{"line":26,"column":51}},"11":{"start":{"line":29,"column":13},"end":{"line":29,"column":null}},"12":{"start":{"line":35,"column":21},"end":{"line":40,"column":null}},"13":{"start":{"line":36,"column":30},"end":{"line":36,"column":60}},"14":{"start":{"line":37,"column":30},"end":{"line":37,"column":55}},"15":{"start":{"line":38,"column":19},"end":{"line":38,"column":44}},"16":{"start":{"line":40,"column":27},"end":{"line":40,"column":54}},"17":{"start":{"line":43,"column":6},"end":{"line":43,"column":null}},"18":{"start":{"line":47,"column":15},"end":{"line":47,"column":null}},"19":{"start":{"line":52,"column":21},"end":{"line":61,"column":null}},"20":{"start":{"line":53,"column":19},"end":{"line":53,"column":45}},"21":{"start":{"line":54,"column":25},"end":{"line":54,"column":54}},"22":{"start":{"line":58,"column":30},"end":{"line":58,"column":60}},"23":{"start":{"line":61,"column":20},"end":{"line":61,"column":51}}},"fnMap":{"0":{"name":"(anonymous_0)","decl":{"start":{"line":7,"column":21},"end":{"line":7,"column":30}},"loc":{"start":{"line":7,"column":30},"end":{"line":7,"column":58}},"line":7},"1":{"name":"(anonymous_1)","decl":{"start":{"line":8,"column":18},"end":{"line":8,"column":27}},"loc":{"start":{"line":8,"column":27},"end":{"line":8,"column":54}},"line":8},"2":{"name":"(anonymous_2)","decl":{"start":{"line":9,"column":15},"end":{"line":9,"column":24}},"loc":{"start":{"line":9,"column":24},"end":{"line":9,"column":46}},"line":9},"3":{"name":"(anonymous_3)","decl":{"start":{"line":19,"column":14},"end":{"line":19,"column":23}},"loc":{"start":{"line":19,"column":23},"end":{"line":19,"column":50}},"line":19},"4":{"name":"(anonymous_4)","decl":{"start":{"line":20,"column":16},"end":{"line":20,"column":25}},"loc":{"start":{"line":20,"column":25},"end":{"line":20,"column":52}},"line":20},"5":{"name":"(anonymous_5)","decl":{"start":{"line":21,"column":10},"end":{"line":21,"column":19}},"loc":{"start":{"line":21,"column":19},"end":{"line":21,"column":49}},"line":21},"6":{"name":"(anonymous_6)","decl":{"start":{"line":26,"column":10},"end":{"line":26,"column":19}},"loc":{"start":{"line":26,"column":19},"end":{"line":26,"column":51}},"line":26},"7":{"name":"(anonymous_7)","decl":{"start":{"line":36,"column":21},"end":{"line":36,"column":30}},"loc":{"start":{"line":36,"column":30},"end":{"line":36,"column":60}},"line":36},"8":{"name":"(anonymous_8)","decl":{"start":{"line":37,"column":21},"end":{"line":37,"column":30}},"loc":{"start":{"line":37,"column":30},"end":{"line":37,"column":55}},"line":37},"9":{"name":"(anonymous_9)","decl":{"start":{"line":38,"column":10},"end":{"line":38,"column":19}},"loc":{"start":{"line":38,"column":19},"end":{"line":38,"column":44}},"line":38},"10":{"name":"(anonymous_10)","decl":{"start":{"line":40,"column":18},"end":{"line":40,"column":27}},"loc":{"start":{"line":40,"column":27},"end":{"line":40,"column":54}},"line":40},"11":{"name":"(anonymous_11)","decl":{"start":{"line":53,"column":10},"end":{"line":53,"column":19}},"loc":{"start":{"line":53,"column":19},"end":{"line":53,"column":45}},"line":53},"12":{"name":"(anonymous_12)","decl":{"start":{"line":54,"column":16},"end":{"line":54,"column":25}},"loc":{"start":{"line":54,"column":25},"end":{"line":54,"column":54}},"line":54},"13":{"name":"(anonymous_13)","decl":{"start":{"line":58,"column":21},"end":{"line":58,"column":30}},"loc":{"start":{"line":58,"column":30},"end":{"line":58,"column":60}},"line":58},"14":{"name":"(anonymous_14)","decl":{"start":{"line":61,"column":11},"end":{"line":61,"column":20}},"loc":{"start":{"line":61,"column":20},"end":{"line":61,"column":51}},"line":61}},"branchMap":{},"s":{"0":1,"1":17,"2":17,"3":17,"4":1,"5":1,"6":17,"7":17,"8":17,"9":1,"10":17,"11":1,"12":1,"13":5,"14":5,"15":5,"16":5,"17":1,"18":1,"19":1,"20":17,"21":17,"22":17,"23":17},"f":{"0":17,"1":17,"2":17,"3":17,"4":17,"5":17,"6":17,"7":5,"8":5,"9":5,"10":5,"11":17,"12":17,"13":17,"14":17},"b":{},"meta":{"lastBranch":0,"lastFunction":15,"lastStatement":24,"seen":{"s:4:22:9:Infinity":0,"f:7:21:7:30":0,"s:7:30:7:58":1,"f:8:18:8:27":1,"s:8:27:8:54":2,"f:9:15:9:24":2,"s:9:24:9:46":3,"s:13:15:13:Infinity":4,"s:18:14:21:Infinity":5,"f:19:14:19:23":3,"s:19:23:19:50":6,"f:20:16:20:25":4,"s:20:25:20:52":7,"f:21:10:21:19":5,"s:21:19:21:49":8,"s:25:17:26:Infinity":9,"f:26:10:26:19":6,"s:26:19:26:51":10,"s:29:13:29:Infinity":11,"s:35:21:40:Infinity":12,"f:36:21:36:30":7,"s:36:30:36:60":13,"f:37:21:37:30":8,"s:37:30:37:55":14,"f:38:10:38:19":9,"s:38:19:38:44":15,"f:40:18:40:27":10,"s:40:27:40:54":16,"s:43:6:43:Infinity":17,"s:47:15:47:Infinity":18,"s:52:21:61:Infinity":19,"f:53:10:53:19":11,"s:53:19:53:45":20,"f:54:16:54:25":12,"s:54:25:54:54":21,"f:58:21:58:30":13,"s:58:30:58:60":22,"f:61:11:61:20":14,"s:61:20:61:51":23}}}
,"/Users/ming/Documents/Documents/Software-development/code-test/tic-tac-toe-multiplayer/src/components/AuthForm/AuthForm.tsx": {"path":"/Users/ming/Documents/Documents/Software-development/code-test/tic-tac-toe-multiplayer/src/components/AuthForm/AuthForm.tsx","statementMap":{"0":{"start":{"line":27,"column":56},"end":{"line":38,"column":null}},"1":{"start":{"line":27,"column":56},"end":{"line":27,"column":57}},"2":{"start":{"line":27,"column":57},"end":{"line":27,"column":null}},"3":{"start":{"line":28,"column":1},"end":{"line":28,"column":36}},"4":{"start":{"line":28,"column":36},"end":{"line":38,"column":null}},"5":{"start":{"line":30,"column":2},"end":{"line":38,"column":20}},"6":{"start":{"line":38,"column":20},"end":{"line":38,"column":null}},"7":{"start":{"line":38,"column":20},"end":{"line":30,"column":3}},"8":{"start":{"line":43,"column":38},"end":{"line":112,"column":null}},"9":{"start":{"line":43,"column":38},"end":{"line":43,"column":39}},"10":{"start":{"line":43,"column":39},"end":{"line":43,"column":null}},"11":{"start":{"line":44,"column":1},"end":{"line":44,"column":46}},"12":{"start":{"line":44,"column":46},"end":{"line":67,"column":null}},"13":{"start":{"line":48,"column":2},"end":{"line":66,"column":null}},"14":{"start":{"line":49,"column":17},"end":{"line":49,"column":null}},"15":{"start":{"line":50,"column":20},"end":{"line":50,"column":null}},"16":{"start":{"line":51,"column":23},"end":{"line":51,"column":null}},"17":{"start":{"line":52,"column":16},"end":{"line":52,"column":null}},"18":{"start":{"line":54,"column":3},"end":{"line":54,"column":null}},"19":{"start":{"line":54,"column":26},"end":{"line":54,"column":80}},"20":{"start":{"line":55,"column":3},"end":{"line":56,"column":null}},"21":{"start":{"line":55,"column":40},"end":{"line":56,"column":61}},"22":{"start":{"line":57,"column":3},"end":{"line":58,"column":null}},"23":{"start":{"line":57,"column":26},"end":{"line":58,"column":68}},"24":{"start":{"line":60,"column":3},"end":{"line":65,"column":null}},"25":{"start":{"line":61,"column":4},"end":{"line":62,"column":null}},"26":{"start":{"line":61,"column":27},"end":{"line":61,"column":71}},"27":{"start":{"line":62,"column":9},"end":{"line":62,"column":40}},"28":{"start":{"line":62,"column":40},"end":{"line":63,"column":26}},"29":{"start":{"line":63,"column":26},"end":{"line":65,"column":60}},"30":{"start":{"line":67,"column":3},"end":{"line":67,"column":null}},"31":{"start":{"line":67,"column":3},"end":{"line":68,"column":null}},"32":{"start":{"line":68,"column":2},"end":{"line":68,"column":17}},"33":{"start":{"line":68,"column":17},"end":{"line":68,"column":null}},"34":{"start":{"line":47,"column":1},"end":{"line":69,"column":2}},"35":{"start":{"line":69,"column":2},"end":{"line":84,"column":null}},"36":{"start":{"line":73,"column":4},"end":{"line":82,"column":null}},"37":{"start":{"line":84,"column":4},"end":{"line":84,"column":null}},"38":{"start":{"line":84,"column":4},"end":{"line":94,"column":null}},"39":{"start":{"line":85,"column":3},"end":{"line":93,"column":null}},"40":{"start":{"line":94,"column":5},"end":{"line":94,"column":null}},"41":{"start":{"line":102,"column":18},"end":{"line":102,"column":64}},"42":{"start":{"line":102,"column":64},"end":{"line":104,"column":null}},"43":{"start":{"line":95,"column":3},"end":{"line":103,"column":null}},"44":{"start":{"line":104,"column":5},"end":{"line":104,"column":null}},"45":{"start":{"line":105,"column":53},"end":{"line":105,"column":83}},"46":{"start":{"line":105,"column":83},"end":{"line":105,"column":null}},"47":{"start":{"line":105,"column":3},"end":{"line":105,"column":87}},"48":{"start":{"line":105,"column":87},"end":{"line":105,"column":null}},"49":{"start":{"line":105,"column":87},"end":{"line":109,"column":null}},"50":{"start":{"line":107,"column":4},"end":{"line":108,"column":null}},"51":{"start":{"line":109,"column":4},"end":{"line":109,"column":null}},"52":{"start":{"line":111,"column":18},"end":{"line":111,"column":50}},"53":{"start":{"line":111,"column":50},"end":{"line":111,"column":null}},"54":{"start":{"line":111,"column":3},"end":{"line":111,"column":66}},"55":{"start":{"line":111,"column":66},"end":{"line":111,"column":null}},"56":{"start":{"line":111,"column":66},"end":{"line":112,"column":null}},"57":{"start":{"line":72,"column":2},"end":{"line":112,"column":9}},"58":{"start":{"line":112,"column":9},"end":{"line":112,"column":null}},"59":{"start":{"line":112,"column":9},"end":{"line":72,"column":3}},"60":{"start":{"line":116,"column":36},"end":{"line":147,"column":null}},"61":{"start":{"line":116,"column":36},"end":{"line":116,"column":37}},"62":{"start":{"line":116,"column":37},"end":{"line":116,"column":null}},"63":{"start":{"line":117,"column":1},"end":{"line":117,"column":48}},"64":{"start":{"line":117,"column":48},"end":{"line":121,"column":null}},"65":{"start":{"line":119,"column":20},"end":{"line":120,"column":null}},"66":{"start":{"line":120,"column":2},"end":{"line":120,"column":24}},"67":{"start":{"line":121,"column":2},"end":{"line":121,"column":null}},"68":{"start":{"line":119,"column":20},"end":{"line":119,"column":null}},"69":{"start":{"line":124,"column":22},"end":{"line":124,"column":52}},"70":{"start":{"line":124,"column":52},"end":{"line":126,"column":null}},"71":{"start":{"line":126,"column":4},"end":{"line":126,"column":30}},"72":{"start":{"line":126,"column":30},"end":{"line":126,"column":null}},"73":{"start":{"line":128,"column":6},"end":{"line":128,"column":73}},"74":{"start":{"line":128,"column":73},"end":{"line":130,"column":null}},"75":{"start":{"line":125,"column":3},"end":{"line":130,"column":12}},"76":{"start":{"line":130,"column":12},"end":{"line":130,"column":null}},"77":{"start":{"line":133,"column":9},"end":{"line":133,"column":39}},"78":{"start":{"line":133,"column":39},"end":{"line":138,"column":null}},"79":{"start":{"line":132,"column":3},"end":{"line":137,"column":null}},"80":{"start":{"line":138,"column":5},"end":{"line":138,"column":null}},"81":{"start":{"line":142,"column":6},"end":{"line":142,"column":null}},"82":{"start":{"line":144,"column":40},"end":{"line":146,"column":null}},"83":{"start":{"line":140,"column":3},"end":{"line":146,"column":12}},"84":{"start":{"line":146,"column":12},"end":{"line":146,"column":null}},"85":{"start":{"line":146,"column":12},"end":{"line":147,"column":null}},"86":{"start":{"line":124,"column":2},"end":{"line":147,"column":18}},"87":{"start":{"line":147,"column":18},"end":{"line":147,"column":null}},"88":{"start":{"line":147,"column":18},"end":{"line":124,"column":3}}},"fnMap":{"0":{"name":"(anonymous_0)","decl":{"start":{"line":27,"column":56},"end":{"line":27,"column":57}},"loc":{"start":{"line":27,"column":56},"end":{"line":38,"column":null}},"line":27},"1":{"name":"(anonymous_1)","decl":{"start":{"line":43,"column":38},"end":{"line":43,"column":39}},"loc":{"start":{"line":43,"column":38},"end":{"line":112,"column":null}},"line":43},"2":{"name":"(anonymous_2)","decl":{"start":{"line":48,"column":2},"end":{"line":48,"column":null}},"loc":{"start":{"line":48,"column":2},"end":{"line":66,"column":null}},"line":48},"3":{"name":"(anonymous_3)","decl":{"start":{"line":116,"column":36},"end":{"line":116,"column":37}},"loc":{"start":{"line":116,"column":36},"end":{"line":147,"column":null}},"line":116},"4":{"name":"(anonymous_4)","decl":{"start":{"line":119,"column":20},"end":{"line":119,"column":null}},"loc":{"start":{"line":119,"column":20},"end":{"line":120,"column":null}},"line":119}},"branchMap":{"0":{"loc":{"start":{"line":28,"column":36},"end":{"line":38,"column":null}},"type":"if","locations":[{"start":{"line":28,"column":36},"end":{"line":38,"column":null}},{"start":{"line":38,"column":20},"end":{"line":38,"column":null}}],"line":28},"1":{"loc":{"start":{"line":28,"column":36},"end":{"line":28,"column":null}},"type":"binary-expr","locations":[{"start":{"line":28,"column":36},"end":{"line":28,"column":null}},{"start":{"line":28,"column":36},"end":{"line":28,"column":null}}],"line":28},"2":{"loc":{"start":{"line":44,"column":46},"end":{"line":67,"column":null}},"type":"if","locations":[{"start":{"line":44,"column":46},"end":{"line":67,"column":null}},{"start":{"line":67,"column":3},"end":{"line":67,"column":null}}],"line":44},"3":{"loc":{"start":{"line":44,"column":46},"end":{"line":44,"column":null}},"type":"binary-expr","locations":[{"start":{"line":44,"column":46},"end":{"line":44,"column":null}},{"start":{"line":44,"column":46},"end":{"line":44,"column":null}}],"line":44},"4":{"loc":{"start":{"line":49,"column":24},"end":{"line":49,"column":32}},"type":"binary-expr","locations":[{"start":{"line":49,"column":24},"end":{"line":49,"column":51}},{"start":{"line":49,"column":24},"end":{"line":49,"column":32}}],"line":49},"5":{"loc":{"start":{"line":50,"column":27},"end":{"line":50,"column":35}},"type":"binary-expr","locations":[{"start":{"line":50,"column":27},"end":{"line":50,"column":57}},{"start":{"line":50,"column":27},"end":{"line":50,"column":35}}],"line":50},"6":{"loc":{"start":{"line":51,"column":30},"end":{"line":51,"column":38}},"type":"binary-expr","locations":[{"start":{"line":51,"column":30},"end":{"line":51,"column":63}},{"start":{"line":51,"column":30},"end":{"line":51,"column":38}}],"line":51},"7":{"loc":{"start":{"line":52,"column":23},"end":{"line":52,"column":31}},"type":"binary-expr","locations":[{"start":{"line":52,"column":23},"end":{"line":52,"column":55}},{"start":{"line":52,"column":23},"end":{"line":52,"column":31}}],"line":52},"8":{"loc":{"start":{"line":54,"column":3},"end":{"line":54,"column":null}},"type":"if","locations":[{"start":{"line":54,"column":3},"end":{"line":54,"column":null}},{"start":{},"end":{}}],"line":54},"9":{"loc":{"start":{"line":54,"column":7},"end":{"line":54,"column":26}},"type":"binary-expr","locations":[{"start":{"line":54,"column":7},"end":{"line":54,"column":18}},{"start":{"line":54,"column":7},"end":{"line":54,"column":26}}],"line":54},"10":{"loc":{"start":{"line":55,"column":3},"end":{"line":56,"column":null}},"type":"if","locations":[{"start":{"line":55,"column":3},"end":{"line":56,"column":null}},{"start":{},"end":{}}],"line":55},"11":{"loc":{"start":{"line":55,"column":7},"end":{"line":55,"column":40}},"type":"binary-expr","locations":[{"start":{"line":55,"column":7},"end":{"line":55,"column":29}},{"start":{"line":55,"column":7},"end":{"line":55,"column":40}}],"line":55},"12":{"loc":{"start":{"line":57,"column":3},"end":{"line":58,"column":null}},"type":"if","locations":[{"start":{"line":57,"column":3},"end":{"line":58,"column":null}},{"start":{},"end":{}}],"line":57},"13":{"loc":{"start":{"line":61,"column":4},"end":{"line":62,"column":null}},"type":"if","locations":[{"start":{"line":61,"column":4},"end":{"line":62,"column":null}},{"start":{"line":61,"column":71},"end":{"line":62,"column":null}}],"line":61},"14":{"loc":{"start":{"line":67,"column":3},"end":{"line":68,"column":null}},"type":"if","locations":[{"start":{"line":67,"column":3},"end":{"line":68,"column":null}},{"start":{"line":68,"column":17},"end":{"line":68,"column":null}}],"line":67},"15":{"loc":{"start":{"line":69,"column":2},"end":{"line":84,"column":null}},"type":"if","locations":[{"start":{"line":69,"column":2},"end":{"line":84,"column":null}},{"start":{"line":84,"column":4},"end":{"line":84,"column":null}}],"line":69},"16":{"loc":{"start":{"line":69,"column":2},"end":{"line":69,"column":null}},"type":"binary-expr","locations":[{"start":{"line":69,"column":2},"end":{"line":69,"column":null}},{"start":{"line":69,"column":2},"end":{"line":69,"column":null}}],"line":69},"17":{"loc":{"start":{"line":73,"column":4},"end":{"line":82,"column":null}},"type":"binary-expr","locations":[{"start":{"line":73,"column":4},"end":{"line":73,"column":null}},{"start":{"line":74,"column":4},"end":{"line":82,"column":null}}],"line":73},"18":{"loc":{"start":{"line":84,"column":4},"end":{"line":94,"column":null}},"type":"if","locations":[{"start":{"line":84,"column":4},"end":{"line":94,"column":null}},{"start":{"line":94,"column":5},"end":{"line":94,"column":null}}],"line":84},"19":{"loc":{"start":{"line":102,"column":18},"end":{"line":102,"column":64}},"type":"cond-expr","locations":[{"start":{"line":102,"column":18},"end":{"line":102,"column":64}},{"start":{"line":102,"column":18},"end":{"line":102,"column":64}}],"line":102},"20":{"loc":{"start":{"line":102,"column":64},"end":{"line":104,"column":null}},"type":"if","locations":[{"start":{"line":102,"column":64},"end":{"line":104,"column":null}},{"start":{"line":104,"column":5},"end":{"line":104,"column":null}}],"line":102},"21":{"loc":{"start":{"line":102,"column":64},"end":{"line":102,"column":null}},"type":"binary-expr","locations":[{"start":{"line":102,"column":64},"end":{"line":102,"column":null}},{"start":{"line":102,"column":64},"end":{"line":102,"column":null}}],"line":102},"22":{"loc":{"start":{"line":105,"column":53},"end":{"line":105,"column":83}},"type":"cond-expr","locations":[{"start":{"line":105,"column":53},"end":{"line":105,"column":83}},{"start":{"line":105,"column":53},"end":{"line":105,"column":83}}],"line":105},"23":{"loc":{"start":{"line":105,"column":83},"end":{"line":105,"column":null}},"type":"if","locations":[{"start":{"line":105,"column":83},"end":{"line":105,"column":null}},{"start":{"line":105,"column":87},"end":{"line":105,"column":null}}],"line":105},"24":{"loc":{"start":{"line":105,"column":87},"end":{"line":109,"column":null}},"type":"if","locations":[{"start":{"line":105,"column":87},"end":{"line":109,"column":null}},{"start":{"line":109,"column":4},"end":{"line":109,"column":null}}],"line":105},"25":{"loc":{"start":{"line":105,"column":87},"end":{"line":105,"column":null}},"type":"binary-expr","locations":[{"start":{"line":105,"column":87},"end":{"line":105,"column":null}},{"start":{"line":105,"column":87},"end":{"line":105,"column":null}}],"line":105},"26":{"loc":{"start":{"line":107,"column":4},"end":{"line":108,"column":null}},"type":"binary-expr","locations":[{"start":{"line":107,"column":5},"end":{"line":107,"column":null}},{"start":{"line":107,"column":5},"end":{"line":107,"column":10}},{"start":{"line":108,"column":4},"end":{"line":108,"column":null}}],"line":107},"27":{"loc":{"start":{"line":108,"column":19},"end":{"line":108,"column":24}},"type":"binary-expr","locations":[{"start":{"line":108,"column":19},"end":{"line":108,"column":48}},{"start":{"line":108,"column":19},"end":{"line":108,"column":24}}],"line":108},"28":{"loc":{"start":{"line":111,"column":18},"end":{"line":111,"column":50}},"type":"cond-expr","locations":[{"start":{"line":111,"column":18},"end":{"line":111,"column":50}},{"start":{"line":111,"column":18},"end":{"line":111,"column":50}}],"line":111},"29":{"loc":{"start":{"line":111,"column":50},"end":{"line":111,"column":null}},"type":"if","locations":[{"start":{"line":111,"column":50},"end":{"line":111,"column":null}},{"start":{"line":111,"column":66},"end":{"line":111,"column":null}}],"line":111},"30":{"loc":{"start":{"line":111,"column":66},"end":{"line":112,"column":null}},"type":"if","locations":[{"start":{"line":111,"column":66},"end":{"line":112,"column":null}},{"start":{"line":112,"column":9},"end":{"line":112,"column":null}}],"line":111},"31":{"loc":{"start":{"line":111,"column":66},"end":{"line":111,"column":null}},"type":"binary-expr","locations":[{"start":{"line":111,"column":66},"end":{"line":111,"column":null}},{"start":{"line":111,"column":66},"end":{"line":111,"column":null}},{"start":{"line":111,"column":66},"end":{"line":111,"column":null}},{"start":{"line":111,"column":66},"end":{"line":111,"column":null}},{"start":{"line":111,"column":66},"end":{"line":111,"column":null}},{"start":{"line":111,"column":66},"end":{"line":111,"column":null}}],"line":111},"32":{"loc":{"start":{"line":117,"column":48},"end":{"line":121,"column":null}},"type":"if","locations":[{"start":{"line":117,"column":48},"end":{"line":121,"column":null}},{"start":{"line":121,"column":2},"end":{"line":121,"column":null}}],"line":117},"33":{"loc":{"start":{"line":124,"column":22},"end":{"line":124,"column":52}},"type":"cond-expr","locations":[{"start":{"line":124,"column":22},"end":{"line":124,"column":52}},{"start":{"line":124,"column":22},"end":{"line":124,"column":52}}],"line":124},"34":{"loc":{"start":{"line":124,"column":52},"end":{"line":126,"column":null}},"type":"if","locations":[{"start":{"line":124,"column":52},"end":{"line":126,"column":null}},{"start":{"line":126,"column":30},"end":{"line":126,"column":null}}],"line":124},"35":{"loc":{"start":{"line":128,"column":6},"end":{"line":128,"column":73}},"type":"cond-expr","locations":[{"start":{"line":128,"column":6},"end":{"line":128,"column":73}},{"start":{"line":128,"column":6},"end":{"line":128,"column":73}}],"line":128},"36":{"loc":{"start":{"line":128,"column":73},"end":{"line":130,"column":null}},"type":"if","locations":[{"start":{"line":128,"column":73},"end":{"line":130,"column":null}},{"start":{"line":130,"column":12},"end":{"line":130,"column":null}}],"line":128},"37":{"loc":{"start":{"line":133,"column":9},"end":{"line":133,"column":39}},"type":"cond-expr","locations":[{"start":{"line":133,"column":9},"end":{"line":133,"column":39}},{"start":{"line":133,"column":9},"end":{"line":133,"column":39}}],"line":133},"38":{"loc":{"start":{"line":133,"column":39},"end":{"line":138,"column":null}},"type":"if","locations":[{"start":{"line":133,"column":39},"end":{"line":138,"column":null}},{"start":{"line":138,"column":5},"end":{"line":138,"column":null}}],"line":133},"39":{"loc":{"start":{"line":133,"column":39},"end":{"line":133,"column":null}},"type":"binary-expr","locations":[{"start":{"line":133,"column":39},"end":{"line":133,"column":null}},{"start":{"line":133,"column":39},"end":{"line":133,"column":null}},{"start":{"line":133,"column":39},"end":{"line":133,"column":null}},{"start":{"line":133,"column":39},"end":{"line":133,"column":null}},{"start":{"line":133,"column":39},"end":{"line":133,"column":null}}],"line":133},"40":{"loc":{"start":{"line":142,"column":6},"end":{"line":142,"column":null}},"type":"cond-expr","locations":[{"start":{"line":142,"column":6},"end":{"line":142,"column":null}},{"start":{"line":142,"column":6},"end":{"line":142,"column":null}}],"line":142},"41":{"loc":{"start":{"line":144,"column":40},"end":{"line":146,"column":null}},"type":"if","locations":[{"start":{"line":144,"column":40},"end":{"line":146,"column":null}},{"start":{"line":146,"column":12},"end":{"line":146,"column":null}}],"line":144},"42":{"loc":{"start":{"line":144,"column":40},"end":{"line":144,"column":null}},"type":"binary-expr","locations":[{"start":{"line":144,"column":40},"end":{"line":144,"column":null}},{"start":{"line":144,"column":40},"end":{"line":144,"column":null}}],"line":144},"43":{"loc":{"start":{"line":146,"column":12},"end":{"line":147,"column":null}},"type":"if","locations":[{"start":{"line":146,"column":12},"end":{"line":147,"column":null}},{"start":{"line":147,"column":18},"end":{"line":147,"column":null}}],"line":146},"44":{"loc":{"start":{"line":146,"column":12},"end":{"line":146,"column":null}},"type":"binary-expr","locations":[{"start":{"line":146,"column":12},"end":{"line":146,"column":null}},{"start":{"line":146,"column":12},"end":{"line":146,"column":null}},{"start":{"line":146,"column":12},"end":{"line":146,"column":null}},{"start":{"line":146,"column":12},"end":{"line":146,"column":null}}],"line":146}},"s":{"0":1,"1":31,"2":31,"3":31,"4":31,"5":31,"6":0,"7":31,"8":1,"9":38,"10":38,"11":38,"12":38,"13":17,"14":7,"15":7,"16":7,"17":7,"18":7,"19":2,"20":5,"21":1,"22":4,"23":1,"24":3,"25":3,"26":1,"27":2,"28":3,"29":0,"30":21,"31":38,"32":17,"33":21,"34":38,"35":38,"36":31,"37":0,"38":31,"39":31,"40":0,"41":31,"42":38,"43":31,"44":0,"45":31,"46":38,"47":17,"48":14,"49":31,"50":21,"51":10,"52":31,"53":38,"54":17,"55":14,"56":31,"57":31,"58":0,"59":31,"60":1,"61":17,"62":17,"63":17,"64":17,"65":17,"66":6,"67":0,"68":17,"69":17,"70":17,"71":11,"72":6,"73":17,"74":17,"75":17,"76":0,"77":17,"78":17,"79":17,"80":0,"81":17,"82":17,"83":17,"84":0,"85":17,"86":17,"87":0,"88":17},"f":{"0":31,"1":38,"2":7,"3":17,"4":6},"b":{"0":[31,0],"1":[31,14],"2":[17,21],"3":[38,21],"4":[7,2],"5":[7,2],"6":[7,6],"7":[7,0],"8":[2,5],"9":[7,5],"10":[1,4],"11":[5,2],"12":[1,3],"13":[1,2],"14":[17,21],"15":[31,0],"16":[38,0],"17":[31,9],"18":[31,0],"19":[9,22],"20":[31,0],"21":[38,0],"22":[9,22],"23":[17,14],"24":[21,10],"25":[31,14],"26":[21,17,5],"27":[5,1],"28":[9,22],"29":[17,14],"30":[31,0],"31":[31,14,10,0,0,0],"32":[17,0],"33":[5,12],"34":[11,6],"35":[5,12],"36":[17,0],"37":[5,12],"38":[17,0],"39":[17,6,0,0,0],"40":[5,12],"41":[17,0],"42":[17,0],"43":[17,0],"44":[17,0,0,0]},"meta":{"lastBranch":45,"lastFunction":5,"lastStatement":89,"seen":{"s:27:56:38:Infinity":0,"f:27:56:27:57":0,"s:27:56:27:57":1,"s:27:57:27:Infinity":2,"s:28:1:28:36":3,"b:28:36:38:Infinity:38:20:38:Infinity":0,"s:28:36:38:Infinity":4,"b:28:36:28:Infinity:28:36:28:Infinity":1,"s:30:2:38:20":5,"s:38:20:38:Infinity":6,"s:38:20:30:3":7,"s:43:38:112:Infinity":8,"f:43:38:43:39":1,"s:43:38:43:39":9,"s:43:39:43:Infinity":10,"s:44:1:44:46":11,"b:44:46:67:Infinity:67:3:67:Infinity":2,"s:44:46:67:Infinity":12,"b:44:46:44:Infinity:44:46:44:Infinity":3,"s:48:2:66:Infinity":13,"f:48:2:48:Infinity":2,"s:49:17:49:Infinity":14,"b:49:24:49:51:49:24:49:32":4,"s:50:20:50:Infinity":15,"b:50:27:50:57:50:27:50:35":5,"s:51:23:51:Infinity":16,"b:51:30:51:63:51:30:51:38":6,"s:52:16:52:Infinity":17,"b:52:23:52:55:52:23:52:31":7,"b:54:3:54:Infinity:undefined:undefined:undefined:undefined":8,"s:54:3:54:Infinity":18,"b:54:7:54:18:54:7:54:26":9,"s:54:26:54:80":19,"b:55:3:56:Infinity:undefined:undefined:undefined:undefined":10,"s:55:3:56:Infinity":20,"b:55:7:55:29:55:7:55:40":11,"s:55:40:56:61":21,"b:57:3:58:Infinity:undefined:undefined:undefined:undefined":12,"s:57:3:58:Infinity":22,"s:57:26:58:68":23,"s:60:3:65:Infinity":24,"b:61:4:62:Infinity:61:71:62:Infinity":13,"s:61:4:62:Infinity":25,"s:61:27:61:71":26,"s:62:9:62:40":27,"s:62:40:63:26":28,"s:63:26:65:60":29,"s:67:3:67:Infinity":30,"b:67:3:68:Infinity:68:17:68:Infinity":14,"s:67:3:68:Infinity":31,"s:68:2:68:17":32,"s:68:17:68:Infinity":33,"s:47:1:69:2":34,"b:69:2:84:Infinity:84:4:84:Infinity":15,"s:69:2:84:Infinity":35,"b:69:2:69:Infinity:69:2:69:Infinity":16,"s:73:4:82:Infinity":36,"b:73:4:73:Infinity:74:4:82:Infinity":17,"s:84:4:84:Infinity":37,"b:84:4:94:Infinity:94:5:94:Infinity":18,"s:84:4:94:Infinity":38,"s:85:3:93:Infinity":39,"s:94:5:94:Infinity":40,"s:102:18:102:64":41,"b:102:18:102:64:102:18:102:64":19,"b:102:64:104:Infinity:104:5:104:Infinity":20,"s:102:64:104:Infinity":42,"b:102:64:102:Infinity:102:64:102:Infinity":21,"s:95:3:103:Infinity":43,"s:104:5:104:Infinity":44,"s:105:53:105:83":45,"b:105:53:105:83:105:53:105:83":22,"b:105:83:105:Infinity:105:87:105:Infinity":23,"s:105:83:105:Infinity":46,"s:105:3:105:87":47,"s:105:87:105:Infinity":48,"b:105:87:109:Infinity:109:4:109:Infinity":24,"s:105:87:109:Infinity":49,"b:105:87:105:Infinity:105:87:105:Infinity":25,"s:107:4:108:Infinity":50,"b:107:5:107:Infinity:107:5:107:10:108:4:108:Infinity":26,"b:108:19:108:48:108:19:108:24":27,"s:109:4:109:Infinity":51,"s:111:18:111:50":52,"b:111:18:111:50:111:18:111:50":28,"b:111:50:111:Infinity:111:66:111:Infinity":29,"s:111:50:111:Infinity":53,"s:111:3:111:66":54,"s:111:66:111:Infinity":55,"b:111:66:112:Infinity:112:9:112:Infinity":30,"s:111:66:112:Infinity":56,"b:111:66:111:Infinity:111:66:111:Infinity:111:66:111:Infinity:111:66:111:Infinity:111:66:111:Infinity:111:66:111:Infinity":31,"s:72:2:112:9":57,"s:112:9:112:Infinity":58,"s:112:9:72:3":59,"s:116:36:147:Infinity":60,"f:116:36:116:37":3,"s:116:36:116:37":61,"s:116:37:116:Infinity":62,"s:117:1:117:48":63,"b:117:48:121:Infinity:121:2:121:Infinity":32,"s:117:48:121:Infinity":64,"s:119:20:120:Infinity":65,"f:119:20:119:Infinity":4,"s:120:2:120:24":66,"s:121:2:121:Infinity":67,"s:119:20:119:Infinity":68,"s:124:22:124:52":69,"b:124:22:124:52:124:22:124:52":33,"b:124:52:126:Infinity:126:30:126:Infinity":34,"s:124:52:126:Infinity":70,"s:126:4:126:30":71,"s:126:30:126:Infinity":72,"s:128:6:128:73":73,"b:128:6:128:73:128:6:128:73":35,"b:128:73:130:Infinity:130:12:130:Infinity":36,"s:128:73:130:Infinity":74,"s:125:3:130:12":75,"s:130:12:130:Infinity":76,"s:133:9:133:39":77,"b:133:9:133:39:133:9:133:39":37,"b:133:39:138:Infinity:138:5:138:Infinity":38,"s:133:39:138:Infinity":78,"b:133:39:133:Infinity:133:39:133:Infinity:133:39:133:Infinity:133:39:133:Infinity:133:39:133:Infinity":39,"s:132:3:137:Infinity":79,"s:138:5:138:Infinity":80,"s:142:6:142:Infinity":81,"b:142:6:142:Infinity:142:6:142:Infinity":40,"b:144:40:146:Infinity:146:12:146:Infinity":41,"s:144:40:146:Infinity":82,"b:144:40:144:Infinity:144:40:144:Infinity":42,"s:140:3:146:12":83,"s:146:12:146:Infinity":84,"b:146:12:147:Infinity:147:18:147:Infinity":43,"s:146:12:147:Infinity":85,"b:146:12:146:Infinity:146:12:146:Infinity:146:12:146:Infinity:146:12:146:Infinity":44,"s:124:2:147:18":86,"s:147:18:147:Infinity":87,"s:147:18:124:3":88}}}
,"/Users/ming/Documents/Documents/Software-development/code-test/tic-tac-toe-multiplayer/src/components/AuthForm/index.tsx": {"path":"/Users/ming/Documents/Documents/Software-development/code-test/tic-tac-toe-multiplayer/src/components/AuthForm/index.tsx","statementMap":{},"fnMap":{},"branchMap":{},"s":{},"f":{},"b":{},"meta":{"lastBranch":0,"lastFunction":0,"lastStatement":0,"seen":{}}}
,"/Users/ming/Documents/Documents/Software-development/code-test/tic-tac-toe-multiplayer/src/components/Button/Button.style.tsx": {"path":"/Users/ming/Documents/Documents/Software-development/code-test/tic-tac-toe-multiplayer/src/components/Button/Button.style.tsx","statementMap":{"0":{"start":{"line":4,"column":21},"end":{"line":89,"column":null}},"1":{"start":{"line":8,"column":25},"end":{"line":8,"column":56}},"2":{"start":{"line":9,"column":27},"end":{"line":9,"column":54}},"3":{"start":{"line":12,"column":28},"end":{"line":12,"column":58}},"4":{"start":{"line":16,"column":2},"end":{"line":26,"column":null}},"5":{"start":{"line":18,"column":32},"end":{"line":18,"column":58}},"6":{"start":{"line":22,"column":33},"end":{"line":22,"column":64}},"7":{"start":{"line":26,"column":33},"end":{"line":26,"column":64}},"8":{"start":{"line":32,"column":2},"end":{"line":42,"column":null}},"9":{"start":{"line":34,"column":32},"end":{"line":34,"column":60}},"10":{"start":{"line":38,"column":33},"end":{"line":38,"column":66}},"11":{"start":{"line":42,"column":33},"end":{"line":42,"column":66}},"12":{"start":{"line":48,"column":2},"end":{"line":59,"column":null}},"13":{"start":{"line":50,"column":32},"end":{"line":50,"column":57}},"14":{"start":{"line":54,"column":33},"end":{"line":54,"column":63}},"15":{"start":{"line":58,"column":33},"end":{"line":58,"column":63}},"16":{"start":{"line":59,"column":22},"end":{"line":59,"column":47}},"17":{"start":{"line":66,"column":2},"end":{"line":69,"column":null}},"18":{"start":{"line":69,"column":25},"end":{"line":69,"column":48}},"19":{"start":{"line":73,"column":2},"end":{"line":76,"column":null}},"20":{"start":{"line":76,"column":25},"end":{"line":76,"column":50}},"21":{"start":{"line":80,"column":2},"end":{"line":83,"column":null}},"22":{"start":{"line":83,"column":25},"end":{"line":83,"column":48}},"23":{"start":{"line":86,"column":2},"end":{"line":87,"column":null}},"24":{"start":{"line":92,"column":13},"end":{"line":92,"column":null}},"25":{"start":{"line":97,"column":6},"end":{"line":98,"column":null}}},"fnMap":{"0":{"name":"(anonymous_0)","decl":{"start":{"line":8,"column":16},"end":{"line":8,"column":25}},"loc":{"start":{"line":8,"column":25},"end":{"line":8,"column":56}},"line":8},"1":{"name":"(anonymous_1)","decl":{"start":{"line":9,"column":18},"end":{"line":9,"column":27}},"loc":{"start":{"line":9,"column":27},"end":{"line":9,"column":54}},"line":9},"2":{"name":"(anonymous_2)","decl":{"start":{"line":12,"column":19},"end":{"line":12,"column":28}},"loc":{"start":{"line":12,"column":28},"end":{"line":12,"column":58}},"line":12},"3":{"name":"(anonymous_3)","decl":{"start":{"line":15,"column":3},"end":{"line":15,"column":null}},"loc":{"start":{"line":16,"column":2},"end":{"line":26,"column":null}},"line":16},"4":{"name":"(anonymous_4)","decl":{"start":{"line":18,"column":23},"end":{"line":18,"column":32}},"loc":{"start":{"line":18,"column":32},"end":{"line":18,"column":58}},"line":18},"5":{"name":"(anonymous_5)","decl":{"start":{"line":22,"column":24},"end":{"line":22,"column":33}},"loc":{"start":{"line":22,"column":33},"end":{"line":22,"column":64}},"line":22},"6":{"name":"(anonymous_6)","decl":{"start":{"line":26,"column":24},"end":{"line":26,"column":33}},"loc":{"start":{"line":26,"column":33},"end":{"line":26,"column":64}},"line":26},"7":{"name":"(anonymous_7)","decl":{"start":{"line":31,"column":3},"end":{"line":31,"column":null}},"loc":{"start":{"line":32,"column":2},"end":{"line":42,"column":null}},"line":32},"8":{"name":"(anonymous_8)","decl":{"start":{"line":34,"column":23},"end":{"line":34,"column":32}},"loc":{"start":{"line":34,"column":32},"end":{"line":34,"column":60}},"line":34},"9":{"name":"(anonymous_9)","decl":{"start":{"line":38,"column":24},"end":{"line":38,"column":33}},"loc":{"start":{"line":38,"column":33},"end":{"line":38,"column":66}},"line":38},"10":{"name":"(anonymous_10)","decl":{"start":{"line":42,"column":24},"end":{"line":42,"column":33}},"loc":{"start":{"line":42,"column":33},"end":{"line":42,"column":66}},"line":42},"11":{"name":"(anonymous_11)","decl":{"start":{"line":47,"column":3},"end":{"line":47,"column":null}},"loc":{"start":{"line":48,"column":2},"end":{"line":59,"column":null}},"line":48},"12":{"name":"(anonymous_12)","decl":{"start":{"line":50,"column":23},"end":{"line":50,"column":32}},"loc":{"start":{"line":50,"column":32},"end":{"line":50,"column":57}},"line":50},"13":{"name":"(anonymous_13)","decl":{"start":{"line":54,"column":24},"end":{"line":54,"column":33}},"loc":{"start":{"line":54,"column":33},"end":{"line":54,"column":63}},"line":54},"14":{"name":"(anonymous_14)","decl":{"start":{"line":58,"column":24},"end":{"line":58,"column":33}},"loc":{"start":{"line":58,"column":33},"end":{"line":58,"column":63}},"line":58},"15":{"name":"(anonymous_15)","decl":{"start":{"line":59,"column":13},"end":{"line":59,"column":22}},"loc":{"start":{"line":59,"column":22},"end":{"line":59,"column":47}},"line":59},"16":{"name":"(anonymous_16)","decl":{"start":{"line":65,"column":3},"end":{"line":65,"column":null}},"loc":{"start":{"line":66,"column":2},"end":{"line":69,"column":null}},"line":66},"17":{"name":"(anonymous_17)","decl":{"start":{"line":69,"column":16},"end":{"line":69,"column":25}},"loc":{"start":{"line":69,"column":25},"end":{"line":69,"column":48}},"line":69},"18":{"name":"(anonymous_18)","decl":{"start":{"line":72,"column":3},"end":{"line":72,"column":null}},"loc":{"start":{"line":73,"column":2},"end":{"line":76,"column":null}},"line":73},"19":{"name":"(anonymous_19)","decl":{"start":{"line":76,"column":16},"end":{"line":76,"column":25}},"loc":{"start":{"line":76,"column":25},"end":{"line":76,"column":50}},"line":76},"20":{"name":"(anonymous_20)","decl":{"start":{"line":79,"column":3},"end":{"line":79,"column":null}},"loc":{"start":{"line":80,"column":2},"end":{"line":83,"column":null}},"line":80},"21":{"name":"(anonymous_21)","decl":{"start":{"line":83,"column":16},"end":{"line":83,"column":25}},"loc":{"start":{"line":83,"column":25},"end":{"line":83,"column":48}},"line":83},"22":{"name":"(anonymous_22)","decl":{"start":{"line":85,"column":3},"end":{"line":85,"column":null}},"loc":{"start":{"line":86,"column":2},"end":{"line":87,"column":null}},"line":86}},"branchMap":{"0":{"loc":{"start":{"line":16,"column":2},"end":{"line":26,"column":null}},"type":"binary-expr","locations":[{"start":{"line":16,"column":2},"end":{"line":16,"column":null}},{"start":{"line":17,"column":2},"end":{"line":26,"column":null}}],"line":16},"1":{"loc":{"start":{"line":32,"column":2},"end":{"line":42,"column":null}},"type":"binary-expr","locations":[{"start":{"line":32,"column":2},"end":{"line":32,"column":null}},{"start":{"line":33,"column":2},"end":{"line":42,"column":null}}],"line":32},"2":{"loc":{"start":{"line":48,"column":2},"end":{"line":59,"column":null}},"type":"binary-expr","locations":[{"start":{"line":48,"column":2},"end":{"line":48,"column":null}},{"start":{"line":49,"column":2},"end":{"line":59,"column":null}}],"line":48},"3":{"loc":{"start":{"line":66,"column":2},"end":{"line":69,"column":null}},"type":"binary-expr","locations":[{"start":{"line":66,"column":2},"end":{"line":66,"column":null}},{"start":{"line":67,"column":2},"end":{"line":69,"column":null}}],"line":66},"4":{"loc":{"start":{"line":73,"column":2},"end":{"line":76,"column":null}},"type":"binary-expr","locations":[{"start":{"line":73,"column":2},"end":{"line":73,"column":null}},{"start":{"line":74,"column":2},"end":{"line":76,"column":null}}],"line":73},"5":{"loc":{"start":{"line":80,"column":2},"end":{"line":83,"column":null}},"type":"binary-expr","locations":[{"start":{"line":80,"column":2},"end":{"line":80,"column":null}},{"start":{"line":81,"column":2},"end":{"line":83,"column":null}}],"line":80},"6":{"loc":{"start":{"line":86,"column":2},"end":{"line":87,"column":null}},"type":"binary-expr","locations":[{"start":{"line":86,"column":2},"end":{"line":86,"column":null}},{"start":{"line":87,"column":2},"end":{"line":87,"column":null}}],"line":86}},"s":{"0":4,"1":134,"2":134,"3":134,"4":134,"5":80,"6":80,"7":80,"8":134,"9":1,"10":1,"11":1,"12":134,"13":53,"14":53,"15":53,"16":53,"17":134,"18":65,"19":134,"20":23,"21":134,"22":46,"23":134,"24":4,"25":4},"f":{"0":134,"1":134,"2":134,"3":134,"4":80,"5":80,"6":80,"7":134,"8":1,"9":1,"10":1,"11":134,"12":53,"13":53,"14":53,"15":53,"16":134,"17":65,"18":134,"19":23,"20":134,"21":46,"22":134},"b":{"0":[134,80],"1":[134,1],"2":[134,53],"3":[134,65],"4":[134,23],"5":[134,46],"6":[134,11]},"meta":{"lastBranch":7,"lastFunction":23,"lastStatement":26,"seen":{"s:4:21:89:Infinity":0,"f:8:16:8:25":0,"s:8:25:8:56":1,"f:9:18:9:27":1,"s:9:27:9:54":2,"f:12:19:12:28":2,"s:12:28:12:58":3,"f:15:3:15:Infinity":3,"s:16:2:26:Infinity":4,"b:16:2:16:Infinity:17:2:26:Infinity":0,"f:18:23:18:32":4,"s:18:32:18:58":5,"f:22:24:22:33":5,"s:22:33:22:64":6,"f:26:24:26:33":6,"s:26:33:26:64":7,"f:31:3:31:Infinity":7,"s:32:2:42:Infinity":8,"b:32:2:32:Infinity:33:2:42:Infinity":1,"f:34:23:34:32":8,"s:34:32:34:60":9,"f:38:24:38:33":9,"s:38:33:38:66":10,"f:42:24:42:33":10,"s:42:33:42:66":11,"f:47:3:47:Infinity":11,"s:48:2:59:Infinity":12,"b:48:2:48:Infinity:49:2:59:Infinity":2,"f:50:23:50:32":12,"s:50:32:50:57":13,"f:54:24:54:33":13,"s:54:33:54:63":14,"f:58:24:58:33":14,"s:58:33:58:63":15,"f:59:13:59:22":15,"s:59:22:59:47":16,"f:65:3:65:Infinity":16,"s:66:2:69:Infinity":17,"b:66:2:66:Infinity:67:2:69:Infinity":3,"f:69:16:69:25":17,"s:69:25:69:48":18,"f:72:3:72:Infinity":18,"s:73:2:76:Infinity":19,"b:73:2:73:Infinity:74:2:76:Infinity":4,"f:76:16:76:25":19,"s:76:25:76:50":20,"f:79:3:79:Infinity":20,"s:80:2:83:Infinity":21,"b:80:2:80:Infinity:81:2:83:Infinity":5,"f:83:16:83:25":21,"s:83:25:83:48":22,"f:85:3:85:Infinity":22,"s:86:2:87:Infinity":23,"b:86:2:86:Infinity:87:2:87:Infinity":6,"s:92:13:92:Infinity":24,"s:97:6:98:Infinity":25}}}
,"/Users/ming/Documents/Documents/Software-development/code-test/tic-tac-toe-multiplayer/src/components/Button/Button.tsx": {"path":"/Users/ming/Documents/Documents/Software-development/code-test/tic-tac-toe-multiplayer/src/components/Button/Button.tsx","statementMap":{"0":{"start":{"line":12,"column":38},"end":{"line":37,"column":null}},"1":{"start":{"line":12,"column":38},"end":{"line":12,"column":39}},"2":{"start":{"line":12,"column":38},"end":{"line":19,"column":null}},"3":{"start":{"line":12,"column":39},"end":{"line":12,"column":null}},"4":{"start":{"line":19,"column":1},"end":{"line":19,"column":null}},"5":{"start":{"line":13,"column":1},"end":{"line":13,"column":null}},"6":{"start":{"line":14,"column":1},"end":{"line":14,"column":null}},"7":{"start":{"line":16,"column":1},"end":{"line":16,"column":null}},"8":{"start":{"line":25,"column":13},"end":{"line":25,"column":34}},"9":{"start":{"line":25,"column":34},"end":{"line":36,"column":null}},"10":{"start":{"line":29,"column":4},"end":{"line":29,"column":null}},"11":{"start":{"line":36,"column":4},"end":{"line":36,"column":null}},"12":{"start":{"line":36,"column":4},"end":{"line":37,"column":null}},"13":{"start":{"line":21,"column":2},"end":{"line":37,"column":17}},"14":{"start":{"line":37,"column":17},"end":{"line":37,"column":null}},"15":{"start":{"line":37,"column":17},"end":{"line":21,"column":3}}},"fnMap":{"0":{"name":"(anonymous_0)","decl":{"start":{"line":12,"column":38},"end":{"line":12,"column":39}},"loc":{"start":{"line":12,"column":38},"end":{"line":37,"column":null}},"line":12}},"branchMap":{"0":{"loc":{"start":{"line":12,"column":38},"end":{"line":19,"column":null}},"type":"if","locations":[{"start":{"line":12,"column":38},"end":{"line":19,"column":null}},{"start":{"line":19,"column":1},"end":{"line":19,"column":null}}],"line":12},"1":{"loc":{"start":{"line":13,"column":1},"end":{"line":13,"column":null}},"type":"cond-expr","locations":[{"start":{"line":13,"column":1},"end":{"line":13,"column":null}},{"start":{"line":13,"column":1},"end":{"line":13,"column":null}}],"line":13},"2":{"loc":{"start":{"line":14,"column":1},"end":{"line":14,"column":null}},"type":"cond-expr","locations":[{"start":{"line":14,"column":1},"end":{"line":14,"column":null}},{"start":{"line":14,"column":1},"end":{"line":14,"column":null}}],"line":14},"3":{"loc":{"start":{"line":16,"column":1},"end":{"line":16,"column":null}},"type":"cond-expr","locations":[{"start":{"line":16,"column":1},"end":{"line":16,"column":null}},{"start":{"line":16,"column":1},"end":{"line":16,"column":null}}],"line":16},"4":{"loc":{"start":{"line":25,"column":13},"end":{"line":25,"column":34}},"type":"binary-expr","locations":[{"start":{"line":25,"column":13},"end":{"line":25,"column":34}},{"start":{"line":25,"column":13},"end":{"line":25,"column":34}}],"line":25},"5":{"loc":{"start":{"line":25,"column":34},"end":{"line":36,"column":null}},"type":"if","locations":[{"start":{"line":25,"column":34},"end":{"line":36,"column":null}},{"start":{"line":36,"column":4},"end":{"line":36,"column":null}}],"line":25},"6":{"loc":{"start":{"line":25,"column":34},"end":{"line":25,"column":null}},"type":"binary-expr","locations":[{"start":{"line":25,"column":34},"end":{"line":25,"column":null}},{"start":{"line":25,"column":34},"end":{"line":25,"column":null}}],"line":25},"7":{"loc":{"start":{"line":29,"column":4},"end":{"line":29,"column":null}},"type":"cond-expr","locations":[{"start":{"line":29,"column":4},"end":{"line":32,"column":null}},{"start":{"line":29,"column":4},"end":{"line":29,"column":null}}],"line":29},"8":{"loc":{"start":{"line":36,"column":4},"end":{"line":37,"column":null}},"type":"if","locations":[{"start":{"line":36,"column":4},"end":{"line":37,"column":null}},{"start":{"line":37,"column":17},"end":{"line":37,"column":null}}],"line":36},"9":{"loc":{"start":{"line":36,"column":4},"end":{"line":36,"column":null}},"type":"binary-expr","locations":[{"start":{"line":36,"column":4},"end":{"line":36,"column":null}},{"start":{"line":36,"column":4},"end":{"line":36,"column":null}},{"start":{"line":36,"column":4},"end":{"line":36,"column":null}},{"start":{"line":36,"column":4},"end":{"line":36,"column":null}},{"start":{"line":36,"column":4},"end":{"line":36,"column":null}},{"start":{"line":36,"column":4},"end":{"line":36,"column":null}}],"line":36}},"s":{"0":4,"1":134,"2":134,"3":134,"4":0,"5":134,"6":134,"7":134,"8":134,"9":134,"10":103,"11":31,"12":134,"13":134,"14":0,"15":134},"f":{"0":134},"b":{"0":[134,0],"1":[67,67],"2":[22,112],"3":[88,46],"4":[134,125],"5":[103,31],"6":[134,45],"7":[11,92],"8":[134,0],"9":[134,37,0,0,0,0]},"meta":{"lastBranch":10,"lastFunction":1,"lastStatement":16,"seen":{"s:12:38:37:Infinity":0,"f:12:38:12:39":0,"s:12:38:12:39":1,"b:12:38:19:Infinity:19:1:19:Infinity":0,"s:12:38:19:Infinity":2,"s:12:39:12:Infinity":3,"s:19:1:19:Infinity":4,"s:13:1:13:Infinity":5,"b:13:1:13:Infinity:13:1:13:Infinity":1,"s:14:1:14:Infinity":6,"b:14:1:14:Infinity:14:1:14:Infinity":2,"s:16:1:16:Infinity":7,"b:16:1:16:Infinity:16:1:16:Infinity":3,"s:25:13:25:34":8,"b:25:13:25:34:25:13:25:34":4,"b:25:34:36:Infinity:36:4:36:Infinity":5,"s:25:34:36:Infinity":9,"b:25:34:25:Infinity:25:34:25:Infinity":6,"s:29:4:29:Infinity":10,"b:29:4:32:Infinity:29:4:29:Infinity":7,"s:36:4:36:Infinity":11,"b:36:4:37:Infinity:37:17:37:Infinity":8,"s:36:4:37:Infinity":12,"b:36:4:36:Infinity:36:4:36:Infinity:36:4:36:Infinity:36:4:36:Infinity:36:4:36:Infinity:36:4:36:Infinity":9,"s:21:2:37:17":13,"s:37:17:37:Infinity":14,"s:37:17:21:3":15}}}
,"/Users/ming/Documents/Documents/Software-development/code-test/tic-tac-toe-multiplayer/src/components/Button/index.tsx": {"path":"/Users/ming/Documents/Documents/Software-development/code-test/tic-tac-toe-multiplayer/src/components/Button/index.tsx","statementMap":{},"fnMap":{},"branchMap":{},"s":{},"f":{},"b":{},"meta":{"lastBranch":0,"lastFunction":0,"lastStatement":0,"seen":{}}}
,"/Users/ming/Documents/Documents/Software-development/code-test/tic-tac-toe-multiplayer/src/components/Card/Card.style.tsx": {"path":"/Users/ming/Documents/Documents/Software-development/code-test/tic-tac-toe-multiplayer/src/components/Card/Card.style.tsx","statementMap":{"0":{"start":{"line":5,"column":18},"end":{"line":6,"column":null}}},"fnMap":{},"branchMap":{},"s":{"0":1},"f":{},"b":{},"meta":{"lastBranch":0,"lastFunction":0,"lastStatement":1,"seen":{"s:5:18:6:Infinity":0}}}
,"/Users/ming/Documents/Documents/Software-development/code-test/tic-tac-toe-multiplayer/src/components/Card/Card.tsx": {"path":"/Users/ming/Documents/Documents/Software-development/code-test/tic-tac-toe-multiplayer/src/components/Card/Card.tsx","statementMap":{"0":{"start":{"line":5,"column":58},"end":{"line":10,"column":null}},"1":{"start":{"line":5,"column":58},"end":{"line":5,"column":59}},"2":{"start":{"line":5,"column":59},"end":{"line":5,"column":78}},"3":{"start":{"line":5,"column":78},"end":{"line":8,"column":null}},"4":{"start":{"line":8,"column":4},"end":{"line":8,"column":43}},"5":{"start":{"line":8,"column":43},"end":{"line":8,"column":null}},"6":{"start":{"line":8,"column":43},"end":{"line":10,"column":null}},"7":{"start":{"line":7,"column":2},"end":{"line":10,"column":15}},"8":{"start":{"line":10,"column":15},"end":{"line":10,"column":null}},"9":{"start":{"line":10,"column":15},"end":{"line":7,"column":3}}},"fnMap":{"0":{"name":"(anonymous_0)","decl":{"start":{"line":5,"column":58},"end":{"line":5,"column":59}},"loc":{"start":{"line":5,"column":58},"end":{"line":10,"column":null}},"line":5}},"branchMap":{"0":{"loc":{"start":{"line":5,"column":78},"end":{"line":8,"column":null}},"type":"if","locations":[{"start":{"line":5,"column":78},"end":{"line":8,"column":null}},{"start":{"line":8,"column":43},"end":{"line":8,"column":null}}],"line":5},"1":{"loc":{"start":{"line":8,"column":4},"end":{"line":8,"column":43}},"type":"binary-expr","locations":[{"start":{"line":8,"column":4},"end":{"line":8,"column":13}},{"start":{"line":8,"column":13},"end":{"line":8,"column":43}}],"line":8},"2":{"loc":{"start":{"line":8,"column":43},"end":{"line":10,"column":null}},"type":"if","locations":[{"start":{"line":8,"column":43},"end":{"line":10,"column":null}},{"start":{"line":10,"column":15},"end":{"line":10,"column":null}}],"line":8},"3":{"loc":{"start":{"line":8,"column":43},"end":{"line":8,"column":null}},"type":"binary-expr","locations":[{"start":{"line":8,"column":43},"end":{"line":8,"column":null}},{"start":{"line":8,"column":43},"end":{"line":8,"column":null}}],"line":8}},"s":{"0":1,"1":5,"2":5,"3":5,"4":5,"5":0,"6":5,"7":5,"8":0,"9":5},"f":{"0":5},"b":{"0":[5,0],"1":[5,0],"2":[5,0],"3":[5,0]},"meta":{"lastBranch":4,"lastFunction":1,"lastStatement":10,"seen":{"s:5:58:10:Infinity":0,"f:5:58:5:59":0,"s:5:58:5:59":1,"s:5:59:5:78":2,"b:5:78:8:Infinity:8:43:8:Infinity":0,"s:5:78:8:Infinity":3,"s:8:4:8:43":4,"b:8:4:8:13:8:13:8:43":1,"s:8:43:8:Infinity":5,"b:8:43:10:Infinity:10:15:10:Infinity":2,"s:8:43:10:Infinity":6,"b:8:43:8:Infinity:8:43:8:Infinity":3,"s:7:2:10:15":7,"s:10:15:10:Infinity":8,"s:10:15:7:3":9}}}
,"/Users/ming/Documents/Documents/Software-development/code-test/tic-tac-toe-multiplayer/src/components/Card/index.tsx": {"path":"/Users/ming/Documents/Documents/Software-development/code-test/tic-tac-toe-multiplayer/src/components/Card/index.tsx","statementMap":{},"fnMap":{},"branchMap":{},"s":{},"f":{},"b":{},"meta":{"lastBranch":0,"lastFunction":0,"lastStatement":0,"seen":{}}}
,"/Users/ming/Documents/Documents/Software-development/code-test/tic-tac-toe-multiplayer/src/components/Cell/Cell.style.tsx": {"path":"/Users/ming/Documents/Documents/Software-development/code-test/tic-tac-toe-multiplayer/src/components/Cell/Cell.style.tsx","statementMap":{"0":{"start":{"line":4,"column":19},"end":{"line":43,"column":null}},"1":{"start":{"line":15,"column":14},"end":{"line":15,"column":91}},"2":{"start":{"line":16,"column":30},"end":{"line":16,"column":58}},"3":{"start":{"line":17,"column":27},"end":{"line":17,"column":54}},"4":{"start":{"line":18,"column":28},"end":{"line":18,"column":58}},"5":{"start":{"line":19,"column":21},"end":{"line":19,"column":82}},"6":{"start":{"line":20,"column":22},"end":{"line":20,"column":50}},"7":{"start":{"line":23,"column":2},"end":{"line":28,"column":null}},"8":{"start":{"line":27,"column":33},"end":{"line":27,"column":63}},"9":{"start":{"line":28,"column":29},"end":{"line":28,"column":55}},"10":{"start":{"line":33,"column":2},"end":{"line":36,"column":null}},"11":{"start":{"line":35,"column":32},"end":{"line":35,"column":63}},"12":{"start":{"line":40,"column":2},"end":{"line":41,"column":null}},"13":{"start":{"line":46,"column":20},"end":{"line":50,"column":null}},"14":{"start":{"line":48,"column":2},"end":{"line":48,"column":81}},"15":{"start":{"line":49,"column":23},"end":{"line":49,"column":50}},"16":{"start":{"line":50,"column":25},"end":{"line":50,"column":52}}},"fnMap":{"0":{"name":"(anonymous_0)","decl":{"start":{"line":15,"column":4},"end":{"line":15,"column":14}},"loc":{"start":{"line":15,"column":14},"end":{"line":15,"column":91}},"line":15},"1":{"name":"(anonymous_1)","decl":{"start":{"line":16,"column":21},"end":{"line":16,"column":30}},"loc":{"start":{"line":16,"column":30},"end":{"line":16,"column":58}},"line":16},"2":{"name":"(anonymous_2)","decl":{"start":{"line":17,"column":18},"end":{"line":17,"column":27}},"loc":{"start":{"line":17,"column":27},"end":{"line":17,"column":54}},"line":17},"3":{"name":"(anonymous_3)","decl":{"start":{"line":18,"column":19},"end":{"line":18,"column":28}},"loc":{"start":{"line":18,"column":28},"end":{"line":18,"column":58}},"line":18},"4":{"name":"(anonymous_4)","decl":{"start":{"line":19,"column":11},"end":{"line":19,"column":21}},"loc":{"start":{"line":19,"column":21},"end":{"line":19,"column":82}},"line":19},"5":{"name":"(anonymous_5)","decl":{"start":{"line":20,"column":12},"end":{"line":20,"column":22}},"loc":{"start":{"line":20,"column":22},"end":{"line":20,"column":50}},"line":20},"6":{"name":"(anonymous_6)","decl":{"start":{"line":22,"column":3},"end":{"line":22,"column":null}},"loc":{"start":{"line":23,"column":2},"end":{"line":28,"column":null}},"line":23},"7":{"name":"(anonymous_7)","decl":{"start":{"line":27,"column":24},"end":{"line":27,"column":33}},"loc":{"start":{"line":27,"column":33},"end":{"line":27,"column":63}},"line":27},"8":{"name":"(anonymous_8)","decl":{"start":{"line":28,"column":20},"end":{"line":28,"column":29}},"loc":{"start":{"line":28,"column":29},"end":{"line":28,"column":55}},"line":28},"9":{"name":"(anonymous_9)","decl":{"start":{"line":32,"column":3},"end":{"line":32,"column":null}},"loc":{"start":{"line":33,"column":2},"end":{"line":36,"column":null}},"line":33},"10":{"name":"(anonymous_10)","decl":{"start":{"line":35,"column":23},"end":{"line":35,"column":32}},"loc":{"start":{"line":35,"column":32},"end":{"line":35,"column":63}},"line":35},"11":{"name":"(anonymous_11)","decl":{"start":{"line":39,"column":3},"end":{"line":39,"column":null}},"loc":{"start":{"line":40,"column":2},"end":{"line":41,"column":null}},"line":40},"12":{"name":"(anonymous_12)","decl":{"start":{"line":47,"column":10},"end":{"line":47,"column":null}},"loc":{"start":{"line":48,"column":2},"end":{"line":48,"column":81}},"line":48},"13":{"name":"(anonymous_13)","decl":{"start":{"line":49,"column":14},"end":{"line":49,"column":23}},"loc":{"start":{"line":49,"column":23},"end":{"line":49,"column":50}},"line":49},"14":{"name":"(anonymous_14)","decl":{"start":{"line":50,"column":16},"end":{"line":50,"column":25}},"loc":{"start":{"line":50,"column":25},"end":{"line":50,"column":52}},"line":50}},"branchMap":{"0":{"loc":{"start":{"line":15,"column":14},"end":{"line":15,"column":91}},"type":"cond-expr","locations":[{"start":{"line":15,"column":37},"end":{"line":15,"column":65}},{"start":{"line":15,"column":65},"end":{"line":15,"column":91}}],"line":15},"1":{"loc":{"start":{"line":19,"column":21},"end":{"line":19,"column":82}},"type":"cond-expr","locations":[{"start":{"line":19,"column":60},"end":{"line":19,"column":72}},{"start":{"line":19,"column":72},"end":{"line":19,"column":82}}],"line":19},"2":{"loc":{"start":{"line":19,"column":21},"end":{"line":19,"column":60}},"type":"binary-expr","locations":[{"start":{"line":19,"column":21},"end":{"line":19,"column":42}},{"start":{"line":19,"column":42},"end":{"line":19,"column":60}}],"line":19},"3":{"loc":{"start":{"line":20,"column":22},"end":{"line":20,"column":50}},"type":"cond-expr","locations":[{"start":{"line":20,"column":42},"end":{"line":20,"column":48}},{"start":{"line":20,"column":48},"end":{"line":20,"column":50}}],"line":20},"4":{"loc":{"start":{"line":23,"column":2},"end":{"line":28,"column":null}},"type":"binary-expr","locations":[{"start":{"line":23,"column":2},"end":{"line":23,"column":null}},{"start":{"line":24,"column":2},"end":{"line":24,"column":null}},{"start":{"line":25,"column":2},"end":{"line":28,"column":null}}],"line":23},"5":{"loc":{"start":{"line":33,"column":2},"end":{"line":36,"column":null}},"type":"binary-expr","locations":[{"start":{"line":33,"column":2},"end":{"line":33,"column":null}},{"start":{"line":34,"column":2},"end":{"line":36,"column":null}}],"line":33},"6":{"loc":{"start":{"line":40,"column":2},"end":{"line":41,"column":null}},"type":"binary-expr","locations":[{"start":{"line":40,"column":2},"end":{"line":40,"column":null}},{"start":{"line":41,"column":2},"end":{"line":41,"column":null}}],"line":40},"7":{"loc":{"start":{"line":48,"column":2},"end":{"line":48,"column":81}},"type":"cond-expr","locations":[{"start":{"line":48,"column":26},"end":{"line":48,"column":55}},{"start":{"line":48,"column":55},"end":{"line":48,"column":81}}],"line":48}},"s":{"0":3,"1":453,"2":453,"3":453,"4":453,"5":453,"6":453,"7":453,"8":171,"9":171,"10":453,"11":19,"12":453,"13":3,"14":33,"15":33,"16":33},"f":{"0":453,"1":453,"2":453,"3":453,"4":453,"5":453,"6":453,"7":171,"8":171,"9":453,"10":19,"11":453,"12":33,"13":33,"14":33},"b":{"0":[19,434],"1":[282,171],"2":[453,177],"3":[276,177],"4":[453,177,171],"5":[453,19],"6":[453,276],"7":[22,11]},"meta":{"lastBranch":8,"lastFunction":15,"lastStatement":17,"seen":{"s:4:19:43:Infinity":0,"f:15:4:15:14":0,"s:15:14:15:91":1,"b:15:37:15:65:15:65:15:91":0,"f:16:21:16:30":1,"s:16:30:16:58":2,"f:17:18:17:27":2,"s:17:27:17:54":3,"f:18:19:18:28":3,"s:18:28:18:58":4,"f:19:11:19:21":4,"s:19:21:19:82":5,"b:19:60:19:72:19:72:19:82":1,"b:19:21:19:42:19:42:19:60":2,"f:20:12:20:22":5,"s:20:22:20:50":6,"b:20:42:20:48:20:48:20:50":3,"f:22:3:22:Infinity":6,"s:23:2:28:Infinity":7,"b:23:2:23:Infinity:24:2:24:Infinity:25:2:28:Infinity":4,"f:27:24:27:33":7,"s:27:33:27:63":8,"f:28:20:28:29":8,"s:28:29:28:55":9,"f:32:3:32:Infinity":9,"s:33:2:36:Infinity":10,"b:33:2:33:Infinity:34:2:36:Infinity":5,"f:35:23:35:32":10,"s:35:32:35:63":11,"f:39:3:39:Infinity":11,"s:40:2:41:Infinity":12,"b:40:2:40:Infinity:41:2:41:Infinity":6,"s:46:20:50:Infinity":13,"f:47:10:47:Infinity":12,"s:48:2:48:81":14,"b:48:26:48:55:48:55:48:81":7,"f:49:14:49:23":13,"s:49:23:49:50":15,"f:50:16:50:25":14,"s:50:25:50:52":16}}}
,"/Users/ming/Documents/Documents/Software-development/code-test/tic-tac-toe-multiplayer/src/components/Cell/Cell.tsx": {"path":"/Users/ming/Documents/Documents/Software-development/code-test/tic-tac-toe-multiplayer/src/components/Cell/Cell.tsx","statementMap":{"0":{"start":{"line":13,"column":28},"end":{"line":33,"column":null}},"1":{"start":{"line":13,"column":28},"end":{"line":13,"column":29}},"2":{"start":{"line":13,"column":29},"end":{"line":13,"column":null}},"3":{"start":{"line":15,"column":18},"end":{"line":15,"column":null}},"4":{"start":{"line":16,"column":23},"end":{"line":16,"column":45}},"5":{"start":{"line":16,"column":45},"end":{"line":22,"column":null}},"6":{"start":{"line":18,"column":21},"end":{"line":21,"column":null}},"7":{"start":{"line":19,"column":2},"end":{"line":20,"column":null}},"8":{"start":{"line":20,"column":3},"end":{"line":20,"column":12}},"9":{"start":{"line":22,"column":2},"end":{"line":22,"column":null}},"10":{"start":{"line":18,"column":21},"end":{"line":18,"column":null}},"11":{"start":{"line":22,"column":2},"end":{"line":32,"column":null}},"12":{"start":{"line":32,"column":4},"end":{"line":32,"column":63}},"13":{"start":{"line":32,"column":63},"end":{"line":32,"column":null}},"14":{"start":{"line":32,"column":63},"end":{"line":33,"column":null}},"15":{"start":{"line":25,"column":2},"end":{"line":33,"column":15}},"16":{"start":{"line":33,"column":15},"end":{"line":33,"column":null}},"17":{"start":{"line":33,"column":15},"end":{"line":25,"column":3}}},"fnMap":{"0":{"name":"(anonymous_0)","decl":{"start":{"line":13,"column":28},"end":{"line":13,"column":29}},"loc":{"start":{"line":13,"column":28},"end":{"line":33,"column":null}},"line":13},"1":{"name":"(anonymous_1)","decl":{"start":{"line":18,"column":21},"end":{"line":18,"column":null}},"loc":{"start":{"line":18,"column":21},"end":{"line":21,"column":null}},"line":18}},"branchMap":{"0":{"loc":{"start":{"line":15,"column":18},"end":{"line":15,"column":null}},"type":"binary-expr","locations":[{"start":{"line":15,"column":18},"end":{"line":15,"column":36}},{"start":{"line":15,"column":36},"end":{"line":15,"column":null}}],"line":15},"1":{"loc":{"start":{"line":16,"column":23},"end":{"line":16,"column":45}},"type":"binary-expr","locations":[{"start":{"line":16,"column":23},"end":{"line":16,"column":45}},{"start":{"line":16,"column":23},"end":{"line":16,"column":45}}],"line":16},"2":{"loc":{"start":{"line":16,"column":45},"end":{"line":22,"column":null}},"type":"if","locations":[{"start":{"line":16,"column":45},"end":{"line":22,"column":null}},{"start":{"line":22,"column":2},"end":{"line":22,"column":null}}],"line":16},"3":{"loc":{"start":{"line":16,"column":45},"end":{"line":16,"column":null}},"type":"binary-expr","locations":[{"start":{"line":16,"column":45},"end":{"line":16,"column":null}},{"start":{"line":16,"column":45},"end":{"line":16,"column":null}}],"line":16},"4":{"loc":{"start":{"line":19,"column":2},"end":{"line":20,"column":null}},"type":"if","locations":[{"start":{"line":19,"column":2},"end":{"line":20,"column":null}},{"start":{},"end":{}}],"line":19},"5":{"loc":{"start":{"line":22,"column":2},"end":{"line":32,"column":null}},"type":"if","locations":[{"start":{"line":22,"column":2},"end":{"line":32,"column":null}},{"start":{"line":32,"column":63},"end":{"line":32,"column":null}}],"line":22},"6":{"loc":{"start":{"line":32,"column":4},"end":{"line":32,"column":63}},"type":"binary-expr","locations":[{"start":{"line":32,"column":4},"end":{"line":32,"column":13}},{"start":{"line":32,"column":13},"end":{"line":32,"column":63}}],"line":32},"7":{"loc":{"start":{"line":32,"column":63},"end":{"line":33,"column":null}},"type":"if","locations":[{"start":{"line":32,"column":63},"end":{"line":33,"column":null}},{"start":{"line":33,"column":15},"end":{"line":33,"column":null}}],"line":32},"8":{"loc":{"start":{"line":32,"column":63},"end":{"line":32,"column":null}},"type":"binary-expr","locations":[{"start":{"line":32,"column":63},"end":{"line":32,"column":null}},{"start":{"line":32,"column":63},"end":{"line":32,"column":null}},{"start":{"line":32,"column":63},"end":{"line":32,"column":null}},{"start":{"line":32,"column":63},"end":{"line":32,"column":null}},{"start":{"line":32,"column":63},"end":{"line":32,"column":null}},{"start":{"line":32,"column":63},"end":{"line":32,"column":null}}],"line":32}},"s":{"0":3,"1":453,"2":453,"3":453,"4":453,"5":453,"6":452,"7":7,"8":7,"9":1,"10":453,"11":453,"12":300,"13":153,"14":453,"15":453,"16":0,"17":453},"f":{"0":453,"1":7},"b":{"0":[453,435],"1":[453,177],"2":[452,1],"3":[453,2],"4":[7,0],"5":[300,153],"6":[300,33],"7":[453,0],"8":[453,1,0,0,0,0]},"meta":{"lastBranch":9,"lastFunction":2,"lastStatement":18,"seen":{"s:13:28:33:Infinity":0,"f:13:28:13:29":0,"s:13:28:13:29":1,"s:13:29:13:Infinity":2,"s:15:18:15:Infinity":3,"b:15:18:15:36:15:36:15:Infinity":0,"s:16:23:16:45":4,"b:16:23:16:45:16:23:16:45":1,"b:16:45:22:Infinity:22:2:22:Infinity":2,"s:16:45:22:Infinity":5,"b:16:45:16:Infinity:16:45:16:Infinity":3,"s:18:21:21:Infinity":6,"f:18:21:18:Infinity":1,"b:19:2:20:Infinity:undefined:undefined:undefined:undefined":4,"s:19:2:20:Infinity":7,"s:20:3:20:12":8,"s:22:2:22:Infinity":9,"s:18:21:18:Infinity":10,"b:22:2:32:Infinity:32:63:32:Infinity":5,"s:22:2:32:Infinity":11,"s:32:4:32:63":12,"b:32:4:32:13:32:13:32:63":6,"s:32:63:32:Infinity":13,"b:32:63:33:Infinity:33:15:33:Infinity":7,"s:32:63:33:Infinity":14,"b:32:63:32:Infinity:32:63:32:Infinity:32:63:32:Infinity:32:63:32:Infinity:32:63:32:Infinity:32:63:32:Infinity":8,"s:25:2:33:15":15,"s:33:15:33:Infinity":16,"s:33:15:25:3":17}}}
,"/Users/ming/Documents/Documents/Software-development/code-test/tic-tac-toe-multiplayer/src/components/Cell/index.tsx": {"path":"/Users/ming/Documents/Documents/Software-development/code-test/tic-tac-toe-multiplayer/src/components/Cell/index.tsx","statementMap":{},"fnMap":{},"branchMap":{},"s":{},"f":{},"b":{},"meta":{"lastBranch":0,"lastFunction":0,"lastStatement":0,"seen":{}}}
,"/Users/ming/Documents/Documents/Software-development/code-test/tic-tac-toe-multiplayer/src/components/ErrorBoundary/ErrorBoundary.style.tsx": {"path":"/Users/ming/Documents/Documents/Software-development/code-test/tic-tac-toe-multiplayer/src/components/ErrorBoundary/ErrorBoundary.style.tsx","statementMap":{"0":{"start":{"line":4,"column":23},"end":{"line":9,"column":null}},"1":{"start":{"line":8,"column":13},"end":{"line":8,"column":46}},"2":{"start":{"line":9,"column":13},"end":{"line":9,"column":44}},"3":{"start":{"line":17,"column":18},"end":{"line":18,"column":null}},"4":{"start":{"line":22,"column":21},"end":{"line":22,"column":null}},"5":{"start":{"line":26,"column":19},"end":{"line":29,"column":null}},"6":{"start":{"line":27,"column":19},"end":{"line":27,"column":49}},"7":{"start":{"line":28,"column":23},"end":{"line":28,"column":50}},"8":{"start":{"line":29,"column":25},"end":{"line":29,"column":52}},"9":{"start":{"line":33,"column":21},"end":{"line":34,"column":null}},"10":{"start":{"line":34,"column":19},"end":{"line":34,"column":51}},"11":{"start":{"line":38,"column":18},"end":{"line":40,"column":null}},"12":{"start":{"line":40,"column":19},"end":{"line":40,"column":49}},"13":{"start":{"line":46,"column":22},"end":{"line":46,"column":null}},"14":{"start":{"line":58,"column":21},"end":{"line":58,"column":null}},"15":{"start":{"line":63,"column":22},"end":{"line":66,"column":null}},"16":{"start":{"line":64,"column":30},"end":{"line":64,"column":60}},"17":{"start":{"line":65,"column":30},"end":{"line":65,"column":55}},"18":{"start":{"line":66,"column":27},"end":{"line":66,"column":54}},"19":{"start":{"line":70,"column":23},"end":{"line":73,"column":null}},"20":{"start":{"line":72,"column":25},"end":{"line":72,"column":56}},"21":{"start":{"line":73,"column":19},"end":{"line":73,"column":44}},"22":{"start":{"line":77,"column":23},"end":{"line":96,"column":null}},"23":{"start":{"line":78,"column":23},"end":{"line":78,"column":46}},"24":{"start":{"line":79,"column":19},"end":{"line":79,"column":44}},"25":{"start":{"line":93,"column":31},"end":{"line":93,"column":61}},"26":{"start":{"line":94,"column":28},"end":{"line":94,"column":55}},"27":{"start":{"line":96,"column":24},"end":{"line":96,"column":47}},"28":{"start":{"line":100,"column":20},"end":{"line":100,"column":null}},"29":{"start":{"line":106,"column":21},"end":{"line":132,"column":null}},"30":{"start":{"line":108,"column":23},"end":{"line":108,"column":46}},"31":{"start":{"line":109,"column":25},"end":{"line":109,"column":56}},"32":{"start":{"line":110,"column":27},"end":{"line":110,"column":54}},"33":{"start":{"line":113,"column":28},"end":{"line":113,"column":58}},"34":{"start":{"line":116,"column":2},"end":{"line":130,"column":null}},"35":{"start":{"line":135,"column":24},"end":{"line":135,"column":null}},"36":{"start":{"line":141,"column":19},"end":{"line":143,"column":null}},"37":{"start":{"line":142,"column":23},"end":{"line":142,"column":46}},"38":{"start":{"line":143,"column":19},"end":{"line":143,"column":47}},"39":{"start":{"line":147,"column":15},"end":{"line":156,"column":null}},"40":{"start":{"line":150,"column":30},"end":{"line":150,"column":61}},"41":{"start":{"line":151,"column":27},"end":{"line":151,"column":54}},"42":{"start":{"line":152,"column":23},"end":{"line":152,"column":46}},"43":{"start":{"line":153,"column":19},"end":{"line":153,"column":49}},"44":{"start":{"line":156,"column":26},"end":{"line":156,"column":57}}},"fnMap":{"0":{"name":"(anonymous_0)","decl":{"start":{"line":8,"column":4},"end":{"line":8,"column":13}},"loc":{"start":{"line":8,"column":13},"end":{"line":8,"column":46}},"line":8},"1":{"name":"(anonymous_1)","decl":{"start":{"line":9,"column":4},"end":{"line":9,"column":13}},"loc":{"start":{"line":9,"column":13},"end":{"line":9,"column":44}},"line":9},"2":{"name":"(anonymous_2)","decl":{"start":{"line":27,"column":10},"end":{"line":27,"column":19}},"loc":{"start":{"line":27,"column":19},"end":{"line":27,"column":49}},"line":27},"3":{"name":"(anonymous_3)","decl":{"start":{"line":28,"column":14},"end":{"line":28,"column":23}},"loc":{"start":{"line":28,"column":23},"end":{"line":28,"column":50}},"line":28},"4":{"name":"(anonymous_4)","decl":{"start":{"line":29,"column":16},"end":{"line":29,"column":25}},"loc":{"start":{"line":29,"column":25},"end":{"line":29,"column":52}},"line":29},"5":{"name":"(anonymous_5)","decl":{"start":{"line":34,"column":10},"end":{"line":34,"column":19}},"loc":{"start":{"line":34,"column":19},"end":{"line":34,"column":51}},"line":34},"6":{"name":"(anonymous_6)","decl":{"start":{"line":40,"column":10},"end":{"line":40,"column":19}},"loc":{"start":{"line":40,"column":19},"end":{"line":40,"column":49}},"line":40},"7":{"name":"(anonymous_7)","decl":{"start":{"line":64,"column":21},"end":{"line":64,"column":30}},"loc":{"start":{"line":64,"column":30},"end":{"line":64,"column":60}},"line":64},"8":{"name":"(anonymous_8)","decl":{"start":{"line":65,"column":21},"end":{"line":65,"column":30}},"loc":{"start":{"line":65,"column":30},"end":{"line":65,"column":55}},"line":65},"9":{"name":"(anonymous_9)","decl":{"start":{"line":66,"column":18},"end":{"line":66,"column":27}},"loc":{"start":{"line":66,"column":27},"end":{"line":66,"column":54}},"line":66},"10":{"name":"(anonymous_10)","decl":{"start":{"line":72,"column":16},"end":{"line":72,"column":25}},"loc":{"start":{"line":72,"column":25},"end":{"line":72,"column":56}},"line":72},"11":{"name":"(anonymous_11)","decl":{"start":{"line":73,"column":10},"end":{"line":73,"column":19}},"loc":{"start":{"line":73,"column":19},"end":{"line":73,"column":44}},"line":73},"12":{"name":"(anonymous_12)","decl":{"start":{"line":78,"column":14},"end":{"line":78,"column":23}},"loc":{"start":{"line":78,"column":23},"end":{"line":78,"column":46}},"line":78},"13":{"name":"(anonymous_13)","decl":{"start":{"line":79,"column":10},"end":{"line":79,"column":19}},"loc":{"start":{"line":79,"column":19},"end":{"line":79,"column":44}},"line":79},"14":{"name":"(anonymous_14)","decl":{"start":{"line":93,"column":22},"end":{"line":93,"column":31}},"loc":{"start":{"line":93,"column":31},"end":{"line":93,"column":61}},"line":93},"15":{"name":"(anonymous_15)","decl":{"start":{"line":94,"column":19},"end":{"line":94,"column":28}},"loc":{"start":{"line":94,"column":28},"end":{"line":94,"column":55}},"line":94},"16":{"name":"(anonymous_16)","decl":{"start":{"line":96,"column":15},"end":{"line":96,"column":24}},"loc":{"start":{"line":96,"column":24},"end":{"line":96,"column":47}},"line":96},"17":{"name":"(anonymous_17)","decl":{"start":{"line":108,"column":14},"end":{"line":108,"column":23}},"loc":{"start":{"line":108,"column":23},"end":{"line":108,"column":46}},"line":108},"18":{"name":"(anonymous_18)","decl":{"start":{"line":109,"column":16},"end":{"line":109,"column":25}},"loc":{"start":{"line":109,"column":25},"end":{"line":109,"column":56}},"line":109},"19":{"name":"(anonymous_19)","decl":{"start":{"line":110,"column":18},"end":{"line":110,"column":27}},"loc":{"start":{"line":110,"column":27},"end":{"line":110,"column":54}},"line":110},"20":{"name":"(anonymous_20)","decl":{"start":{"line":113,"column":19},"end":{"line":113,"column":28}},"loc":{"start":{"line":113,"column":28},"end":{"line":113,"column":58}},"line":113},"21":{"name":"(anonymous_21)","decl":{"start":{"line":115,"column":3},"end":{"line":115,"column":null}},"loc":{"start":{"line":116,"column":2},"end":{"line":130,"column":null}},"line":116},"22":{"name":"(anonymous_22)","decl":{"start":{"line":142,"column":14},"end":{"line":142,"column":23}},"loc":{"start":{"line":142,"column":23},"end":{"line":142,"column":46}},"line":142},"23":{"name":"(anonymous_23)","decl":{"start":{"line":143,"column":10},"end":{"line":143,"column":19}},"loc":{"start":{"line":143,"column":19},"end":{"line":143,"column":47}},"line":143},"24":{"name":"(anonymous_24)","decl":{"start":{"line":150,"column":21},"end":{"line":150,"column":30}},"loc":{"start":{"line":150,"column":30},"end":{"line":150,"column":61}},"line":150},"25":{"name":"(anonymous_25)","decl":{"start":{"line":151,"column":18},"end":{"line":151,"column":27}},"loc":{"start":{"line":151,"column":27},"end":{"line":151,"column":54}},"line":151},"26":{"name":"(anonymous_26)","decl":{"start":{"line":152,"column":14},"end":{"line":152,"column":23}},"loc":{"start":{"line":152,"column":23},"end":{"line":152,"column":46}},"line":152},"27":{"name":"(anonymous_27)","decl":{"start":{"line":153,"column":10},"end":{"line":153,"column":19}},"loc":{"start":{"line":153,"column":19},"end":{"line":153,"column":49}},"line":153},"28":{"name":"(anonymous_28)","decl":{"start":{"line":156,"column":17},"end":{"line":156,"column":26}},"loc":{"start":{"line":156,"column":26},"end":{"line":156,"column":57}},"line":156}},"branchMap":{"0":{"loc":{"start":{"line":116,"column":2},"end":{"line":130,"column":null}},"type":"cond-expr","locations":[{"start":{"line":117,"column":5},"end":{"line":122,"column":null}},{"start":{"line":125,"column":5},"end":{"line":130,"column":null}}],"line":116}},"s":{"0":2,"1":4,"2":4,"3":2,"4":2,"5":2,"6":4,"7":4,"8":4,"9":2,"10":4,"11":2,"12":4,"13":2,"14":2,"15":2,"16":0,"17":0,"18":0,"19":2,"20":0,"21":0,"22":2,"23":0,"24":0,"25":0,"26":0,"27":0,"28":2,"29":2,"30":6,"31":6,"32":6,"33":6,"34":6,"35":2,"36":2,"37":0,"38":0,"39":2,"40":4,"41":4,"42":4,"43":4,"44":4},"f":{"0":4,"1":4,"2":4,"3":4,"4":4,"5":4,"6":4,"7":0,"8":0,"9":0,"10":0,"11":0,"12":0,"13":0,"14":0,"15":0,"16":0,"17":6,"18":6,"19":6,"20":6,"21":6,"22":0,"23":0,"24":4,"25":4,"26":4,"27":4,"28":4},"b":{"0":[0,6]},"meta":{"lastBranch":1,"lastFunction":29,"lastStatement":45,"seen":{"s:4:23:9:Infinity":0,"f:8:4:8:13":0,"s:8:13:8:46":1,"f:9:4:9:13":1,"s:9:13:9:44":2,"s:17:18:18:Infinity":3,"s:22:21:22:Infinity":4,"s:26:19:29:Infinity":5,"f:27:10:27:19":2,"s:27:19:27:49":6,"f:28:14:28:23":3,"s:28:23:28:50":7,"f:29:16:29:25":4,"s:29:25:29:52":8,"s:33:21:34:Infinity":9,"f:34:10:34:19":5,"s:34:19:34:51":10,"s:38:18:40:Infinity":11,"f:40:10:40:19":6,"s:40:19:40:49":12,"s:46:22:46:Infinity":13,"s:58:21:58:Infinity":14,"s:63:22:66:Infinity":15,"f:64:21:64:30":7,"s:64:30:64:60":16,"f:65:21:65:30":8,"s:65:30:65:55":17,"f:66:18:66:27":9,"s:66:27:66:54":18,"s:70:23:73:Infinity":19,"f:72:16:72:25":10,"s:72:25:72:56":20,"f:73:10:73:19":11,"s:73:19:73:44":21,"s:77:23:96:Infinity":22,"f:78:14:78:23":12,"s:78:23:78:46":23,"f:79:10:79:19":13,"s:79:19:79:44":24,"f:93:22:93:31":14,"s:93:31:93:61":25,"f:94:19:94:28":15,"s:94:28:94:55":26,"f:96:15:96:24":16,"s:96:24:96:47":27,"s:100:20:100:Infinity":28,"s:106:21:132:Infinity":29,"f:108:14:108:23":17,"s:108:23:108:46":30,"f:109:16:109:25":18,"s:109:25:109:56":31,"f:110:18:110:27":19,"s:110:27:110:54":32,"f:113:19:113:28":20,"s:113:28:113:58":33,"f:115:3:115:Infinity":21,"s:116:2:130:Infinity":34,"b:117:5:122:Infinity:125:5:130:Infinity":0,"s:135:24:135:Infinity":35,"s:141:19:143:Infinity":36,"f:142:14:142:23":22,"s:142:23:142:46":37,"f:143:10:143:19":23,"s:143:19:143:47":38,"s:147:15:156:Infinity":39,"f:150:21:150:30":24,"s:150:30:150:61":40,"f:151:18:151:27":25,"s:151:27:151:54":41,"f:152:14:152:23":26,"s:152:23:152:46":42,"f:153:10:153:19":27,"s:153:19:153:49":43,"f:156:17:156:26":28,"s:156:26:156:57":44}}}
[...]
"end":{"line":85,"column":null}},"loc":{"start":{"line":87,"column":7},"end":{"line":110,"column":null}},"line":87},"3":{"name":"(anonymous_3)","decl":{"start":{"line":104,"column":18},"end":{"line":104,"column":24}},"loc":{"start":{"line":104,"column":24},"end":{"line":104,"column":null}},"line":104}},"branchMap":{"0":{"loc":{"start":{"line":49,"column":1},"end":{"line":49,"column":null}},"type":"if","locations":[{"start":{"line":49,"column":1},"end":{"line":49,"column":null}},{"start":{},"end":{}}],"line":49},"1":{"loc":{"start":{"line":50,"column":1},"end":{"line":50,"column":null}},"type":"if","locations":[{"start":{"line":50,"column":1},"end":{"line":50,"column":null}},{"start":{},"end":{}}],"line":50},"2":{"loc":{"start":{"line":51,"column":1},"end":{"line":51,"column":null}},"type":"if","locations":[{"start":{"line":51,"column":1},"end":{"line":51,"column":null}},{"start":{},"end":{}}],"line":51},"3":{"loc":{"start":{"line":53,"column":1},"end":{"line":53,"column":null}},"type":"if","locations":[{"start":{"line":53,"column":1},"end":{"line":53,"column":null}},{"start":{},"end":{}}],"line":53},"4":{"loc":{"start":{"line":54,"column":1},"end":{"line":54,"column":null}},"type":"if","locations":[{"start":{"line":54,"column":1},"end":{"line":54,"column":null}},{"start":{},"end":{}}],"line":54},"5":{"loc":{"start":{"line":55,"column":1},"end":{"line":55,"column":null}},"type":"if","locations":[{"start":{"line":55,"column":1},"end":{"line":55,"column":null}},{"start":{},"end":{}}],"line":55},"6":{"loc":{"start":{"line":61,"column":87},"end":{"line":66,"column":null}},"type":"if","locations":[{"start":{"line":61,"column":87},"end":{"line":66,"column":null}},{"start":{"line":66,"column":37},"end":{"line":66,"column":null}}],"line":61},"7":{"loc":{"start":{"line":66,"column":37},"end":{"line":70,"column":null}},"type":"if","locations":[{"start":{"line":66,"column":37},"end":{"line":70,"column":null}},{"start":{"line":70,"column":10},"end":{"line":70,"column":null}}],"line":66},"8":{"loc":{"start":{"line":70,"column":10},"end":{"line":73,"column":null}},"type":"if","locations":[{"start":{"line":70,"column":10},"end":{"line":73,"column":null}},{"start":{"line":73,"column":13},"end":{"line":73,"column":null}}],"line":70},"9":{"loc":{"start":{"line":70,"column":10},"end":{"line":70,"column":null}},"type":"binary-expr","locations":[{"start":{"line":70,"column":10},"end":{"line":70,"column":null}},{"start":{"line":70,"column":10},"end":{"line":70,"column":null}}],"line":70},"10":{"loc":{"start":{"line":73,"column":13},"end":{"line":74,"column":null}},"type":"if","locations":[{"start":{"line":73,"column":13},"end":{"line":74,"column":null}},{"start":{"line":74,"column":12},"end":{"line":74,"column":null}}],"line":73},"11":{"loc":{"start":{"line":73,"column":13},"end":{"line":73,"column":null}},"type":"binary-expr","locations":[{"start":{"line":73,"column":13},"end":{"line":73,"column":null}},{"start":{"line":73,"column":13},"end":{"line":73,"column":null}}],"line":73},"12":{"loc":{"start":{"line":74,"column":12},"end":{"line":113,"column":null}},"type":"if","locations":[{"start":{"line":74,"column":12},"end":{"line":113,"column":null}},{"start":{"line":113,"column":5},"end":{"line":113,"column":null}}],"line":74},"13":{"loc":{"start":{"line":74,"column":12},"end":{"line":74,"column":null}},"type":"binary-expr","locations":[{"start":{"line":74,"column":12},"end":{"line":74,"column":null}},{"start":{"line":74,"column":12},"end":{"line":74,"column":null}},{"start":{"line":74,"column":12},"end":{"line":74,"column":null}}],"line":74},"14":{"loc":{"start":{"line":76,"column":5},"end":{"line":113,"column":5}},"type":"cond-expr","locations":[{"start":{"line":77,"column":5},"end":{"line":83,"column":null}},{"start":{"line":85,"column":5},"end":{"line":113,"column":5}}],"line":76},"15":{"loc":{"start":{"line":113,"column":5},"end":{"line":114,"column":null}},"type":"if","locations":[{"start":{"line":113,"column":5},"end":{"line":114,"column":null}},{"start":{"line":114,"column":15},"end":{"line":114,"column":null}}],"line":113},"16":{"loc":{"start":{"line":114,"column":15},"end":{"line":115,"column":null}},"type":"if","locations":[{"start":{"line":114,"column":15},"end":{"line":115,"column":null}},{"start":{"line":115,"column":19},"end":{"line":115,"column":null}}],"line":114},"17":{"loc":{"start":{"line":114,"column":15},"end":{"line":114,"column":null}},"type":"binary-expr","locations":[{"start":{"line":114,"column":15},"end":{"line":114,"column":null}},{"start":{"line":114,"column":15},"end":{"line":114,"column":null}}],"line":114}},"s":{"0":1,"1":12,"2":12,"3":12,"4":12,"5":12,"6":12,"7":11,"8":1,"9":1,"10":1,"11":1,"12":0,"13":0,"14":0,"15":0,"16":0,"17":0,"18":0,"19":1,"20":14,"21":14,"22":14,"23":14,"24":0,"25":14,"26":14,"27":0,"28":14,"29":14,"30":0,"31":14,"32":14,"33":0,"34":14,"35":14,"36":12,"37":2,"38":0,"39":14,"40":14,"41":0,"42":14,"43":14,"44":0,"45":14},"f":{"0":12,"1":14,"2":12,"3":2},"b":{"0":[11,1],"1":[0,1],"2":[1,0],"3":[0,0],"4":[0,0],"5":[0,0],"6":[14,0],"7":[14,0],"8":[14,0],"9":[14,0],"10":[14,0],"11":[14,0],"12":[14,0],"13":[14,0,0],"14":[6,8],"15":[14,0],"16":[14,0],"17":[14,0]},"meta":{"lastBranch":18,"lastFunction":4,"lastStatement":46,"seen":{"s:41:19:58:Infinity":0,"f:41:19:41:20":0,"s:42:14:42:Infinity":1,"s:43:13:43:Infinity":2,"s:45:7:45:Infinity":3,"s:46:7:46:Infinity":4,"s:47:7:47:Infinity":5,"b:49:1:49:Infinity:undefined:undefined:undefined:undefined":0,"s:49:1:49:Infinity":6,"s:49:19:49:Infinity":7,"b:50:1:50:Infinity:undefined:undefined:undefined:undefined":1,"s:50:1:50:Infinity":8,"s:50:20:50:Infinity":9,"b:51:1:51:Infinity:undefined:undefined:undefined:undefined":2,"s:51:1:51:Infinity":10,"s:51:21:51:Infinity":11,"b:53:1:53:Infinity:undefined:undefined:undefined:undefined":3,"s:53:1:53:Infinity":12,"s:53:20:53:Infinity":13,"b:54:1:54:Infinity:undefined:undefined:undefined:undefined":4,"s:54:1:54:Infinity":14,"s:54:24:54:Infinity":15,"b:55:1:55:Infinity:undefined:undefined:undefined:undefined":5,"s:55:1:55:Infinity":16,"s:55:19:55:Infinity":17,"s:57:1:57:Infinity":18,"s:61:30:115:Infinity":19,"f:61:30:61:31":1,"s:61:30:61:31":20,"s:61:31:61:87":21,"b:61:87:66:Infinity:66:37:66:Infinity":6,"s:61:87:66:Infinity":22,"s:66:5:66:37":23,"s:66:37:66:Infinity":24,"b:66:37:70:Infinity:70:10:70:Infinity":7,"s:66:37:70:Infinity":25,"s:65:4:70:10":26,"s:70:10:70:Infinity":27,"b:70:10:73:Infinity:73:13:73:Infinity":8,"s:70:10:73:Infinity":28,"b:70:10:70:Infinity:70:10:70:Infinity":9,"s:71:4:73:13":29,"s:73:13:73:Infinity":30,"b:73:13:74:Infinity:74:12:74:Infinity":10,"s:73:13:74:Infinity":31,"b:73:13:73:Infinity:73:13:73:Infinity":11,"s:64:3:74:12":32,"s:74:12:74:Infinity":33,"b:74:12:113:Infinity:113:5:113:Infinity":12,"s:74:12:113:Infinity":34,"b:74:12:74:Infinity:74:12:74:Infinity:74:12:74:Infinity":13,"s:76:5:113:5":35,"b:77:5:83:Infinity:85:5:113:5":14,"f:85:15:85:Infinity":2,"s:87:7:110:Infinity":36,"f:104:18:104:24":3,"s:104:24:104:Infinity":37,"s:113:5:113:Infinity":38,"b:113:5:114:Infinity:114:15:114:Infinity":15,"s:113:5:114:Infinity":39,"s:75:3:114:15":40,"s:114:15:114:Infinity":41,"b:114:15:115:Infinity:115:19:115:Infinity":16,"s:114:15:115:Infinity":42,"b:114:15:114:Infinity:114:15:114:Infinity":17,"s:63:2:115:19":43,"s:115:19:115:Infinity":44,"s:115:19:63:3":45}}}
,"/Users/ming/Documents/Documents/Software-development/code-test/tic-tac-toe-multiplayer/src/pages/TicTacToe/components/View/View.style.tsx": {"path":"/Users/ming/Documents/Documents/Software-development/code-test/tic-tac-toe-multiplayer/src/pages/TicTacToe/components/View/View.style.tsx","statementMap":{"0":{"start":{"line":4,"column":22},"end":{"line":5,"column":null}},"1":{"start":{"line":9,"column":15},"end":{"line":9,"column":null}},"2":{"start":{"line":16,"column":14},"end":{"line":17,"column":null}},"3":{"start":{"line":20,"column":21},"end":{"line":20,"column":null}},"4":{"start":{"line":25,"column":21},"end":{"line":28,"column":null}},"5":{"start":{"line":26,"column":23},"end":{"line":26,"column":46}},"6":{"start":{"line":27,"column":25},"end":{"line":27,"column":56}},"7":{"start":{"line":28,"column":19},"end":{"line":28,"column":49}},"8":{"start":{"line":32,"column":27},"end":{"line":33,"column":null}},"9":{"start":{"line":33,"column":19},"end":{"line":33,"column":51}},"10":{"start":{"line":36,"column":18},"end":{"line":40,"column":null}},"11":{"start":{"line":39,"column":30},"end":{"line":39,"column":60}},"12":{"start":{"line":40,"column":27},"end":{"line":40,"column":54}},"13":{"start":{"line":44,"column":19},"end":{"line":46,"column":null}},"14":{"start":{"line":45,"column":23},"end":{"line":45,"column":46}},"15":{"start":{"line":46,"column":19},"end":{"line":46,"column":49}},"16":{"start":{"line":49,"column":21},"end":{"line":55,"column":null}},"17":{"start":{"line":51,"column":30},"end":{"line":51,"column":60}},"18":{"start":{"line":52,"column":30},"end":{"line":52,"column":55}},"19":{"start":{"line":53,"column":19},"end":{"line":53,"column":44}},"20":{"start":{"line":55,"column":27},"end":{"line":55,"column":54}},"21":{"start":{"line":58,"column":24},"end":{"line":58,"column":null}}},"fnMap":{"0":{"name":"(anonymous_0)","decl":{"start":{"line":26,"column":14},"end":{"line":26,"column":23}},"loc":{"start":{"line":26,"column":23},"end":{"line":26,"column":46}},"line":26},"1":{"name":"(anonymous_1)","decl":{"start":{"line":27,"column":16},"end":{"line":27,"column":25}},"loc":{"start":{"line":27,"column":25},"end":{"line":27,"column":56}},"line":27},"2":{"name":"(anonymous_2)","decl":{"start":{"line":28,"column":10},"end":{"line":28,"column":19}},"loc":{"start":{"line":28,"column":19},"end":{"line":28,"column":49}},"line":28},"3":{"name":"(anonymous_3)","decl":{"start":{"line":33,"column":10},"end":{"line":33,"column":19}},"loc":{"start":{"line":33,"column":19},"end":{"line":33,"column":51}},"line":33},"4":{"name":"(anonymous_4)","decl":{"start":{"line":39,"column":21},"end":{"line":39,"column":30}},"loc":{"start":{"line":39,"column":30},"end":{"line":39,"column":60}},"line":39},"5":{"name":"(anonymous_5)","decl":{"start":{"line":40,"column":18},"end":{"line":40,"column":27}},"loc":{"start":{"line":40,"column":27},"end":{"line":40,"column":54}},"line":40},"6":{"name":"(anonymous_6)","decl":{"start":{"line":45,"column":14},"end":{"line":45,"column":23}},"loc":{"start":{"line":45,"column":23},"end":{"line":45,"column":46}},"line":45},"7":{"name":"(anonymous_7)","decl":{"start":{"line":46,"column":10},"end":{"line":46,"column":19}},"loc":{"start":{"line":46,"column":19},"end":{"line":46,"column":49}},"line":46},"8":{"name":"(anonymous_8)","decl":{"start":{"line":51,"column":21},"end":{"line":51,"column":30}},"loc":{"start":{"line":51,"column":30},"end":{"line":51,"column":60}},"line":51},"9":{"name":"(anonymous_9)","decl":{"start":{"line":52,"column":21},"end":{"line":52,"column":30}},"loc":{"start":{"line":52,"column":30},"end":{"line":52,"column":55}},"line":52},"10":{"name":"(anonymous_10)","decl":{"start":{"line":53,"column":10},"end":{"line":53,"column":19}},"loc":{"start":{"line":53,"column":19},"end":{"line":53,"column":44}},"line":53},"11":{"name":"(anonymous_11)","decl":{"start":{"line":55,"column":18},"end":{"line":55,"column":27}},"loc":{"start":{"line":55,"column":27},"end":{"line":55,"column":54}},"line":55}},"branchMap":{},"s":{"0":1,"1":1,"2":1,"3":1,"4":1,"5":0,"6":0,"7":0,"8":1,"9":6,"10":1,"11":6,"12":6,"13":1,"14":6,"15":6,"16":1,"17":4,"18":4,"19":4,"20":4,"21":1},"f":{"0":0,"1":0,"2":0,"3":6,"4":6,"5":6,"6":6,"7":6,"8":4,"9":4,"10":4,"11":4},"b":{},"meta":{"lastBranch":0,"lastFunction":12,"lastStatement":22,"seen":{"s:4:22:5:Infinity":0,"s:9:15:9:Infinity":1,"s:16:14:17:Infinity":2,"s:20:21:20:Infinity":3,"s:25:21:28:Infinity":4,"f:26:14:26:23":0,"s:26:23:26:46":5,"f:27:16:27:25":1,"s:27:25:27:56":6,"f:28:10:28:19":2,"s:28:19:28:49":7,"s:32:27:33:Infinity":8,"f:33:10:33:19":3,"s:33:19:33:51":9,"s:36:18:40:Infinity":10,"f:39:21:39:30":4,"s:39:30:39:60":11,"f:40:18:40:27":5,"s:40:27:40:54":12,"s:44:19:46:Infinity":13,"f:45:14:45:23":6,"s:45:23:45:46":14,"f:46:10:46:19":7,"s:46:19:46:49":15,"s:49:21:55:Infinity":16,"f:51:21:51:30":8,"s:51:30:51:60":17,"f:52:21:52:30":9,"s:52:30:52:55":18,"f:53:10:53:19":10,"s:53:19:53:44":19,"f:55:18:55:27":11,"s:55:27:55:54":20,"s:58:24:58:Infinity":21}}}
,"/Users/ming/Documents/Documents/Software-development/code-test/tic-tac-toe-multiplayer/src/pages/TicTacToe/components/View/View.tsx": {"path":"/Users/ming/Documents/Documents/Software-development/code-test/tic-tac-toe-multiplayer/src/pages/TicTacToe/components/View/View.tsx","statementMap":{"0":{"start":{"line":28,"column":28},"end":{"line":101,"column":null}},"1":{"start":{"line":29,"column":29},"end":{"line":29,"column":null}},"2":{"start":{"line":31,"column":1},"end":{"line":43,"column":null}},"3":{"start":{"line":32,"column":2},"end":{"line":42,"column":null}},"4":{"start":{"line":34,"column":4},"end":{"line":34,"column":null}},"5":{"start":{"line":35,"column":4},"end":{"line":35,"column":null}},"6":{"start":{"line":37,"column":4},"end":{"line":37,"column":null}},"7":{"start":{"line":38,"column":4},"end":{"line":38,"column":null}},"8":{"start":{"line":40,"column":4},"end":{"line":40,"column":null}},"9":{"start":{"line":41,"column":4},"end":{"line":41,"column":null}},"10":{"start":{"line":45,"column":18},"end":{"line":45,"column":null}},"11":{"start":{"line":46,"column":19},"end":{"line":46,"column":null}},"12":{"start":{"line":47,"column":20},"end":{"line":47,"column":null}},"13":{"start":{"line":49,"column":24},"end":{"line":54,"column":null}},"14":{"start":{"line":50,"column":2},"end":{"line":52,"column":null}},"15":{"start":{"line":51,"column":3},"end":{"line":51,"column":null}},"16":{"start":{"line":53,"column":2},"end":{"line":53,"column":null}},"17":{"start":{"line":56,"column":1},"end":{"line":99,"column":null}}},"fnMap":{"0":{"name":"(anonymous_0)","decl":{"start":{"line":28,"column":28},"end":{"line":28,"column":29}},"loc":{"start":{"line":28,"column":82},"end":{"line":101,"column":null}},"line":28},"1":{"name":"(anonymous_1)","decl":{"start":{"line":31,"column":11},"end":{"line":31,"column":17}},"loc":{"start":{"line":31,"column":17},"end":{"line":43,"column":4}},"line":31},"2":{"name":"(anonymous_2)","decl":{"start":{"line":49,"column":24},"end":{"line":49,"column":40}},"loc":{"start":{"line":49,"column":40},"end":{"line":54,"column":null}},"line":49}},"branchMap":{"0":{"loc":{"start":{"line":32,"column":2},"end":{"line":42,"column":null}},"type":"switch","locations":[{"start":{"line":33,"column":3},"end":{"line":35,"column":null}},{"start":{"line":36,"column":3},"end":{"line":38,"column":null}},{"start":{"line":39,"column":3},"end":{"line":41,"column":null}}],"line":32},"1":{"loc":{"start":{"line":45,"column":18},"end":{"line":45,"column":null}},"type":"binary-expr","locations":[{"start":{"line":45,"column":18},"end":{"line":45,"column":47}},{"start":{"line":45,"column":47},"end":{"line":45,"column":null}}],"line":45},"2":{"loc":{"start":{"line":50,"column":2},"end":{"line":52,"column":null}},"type":"if","locations":[{"start":{"line":50,"column":2},"end":{"line":52,"column":null}},{"start":{},"end":{}}],"line":50},"3":{"loc":{"start":{"line":50,"column":6},"end":{"line":50,"column":49}},"type":"binary-expr","locations":[{"start":{"line":50,"column":6},"end":{"line":50,"column":21}},{"start":{"line":50,"column":21},"end":{"line":50,"column":49}}],"line":50},"4":{"loc":{"start":{"line":65,"column":4},"end":{"line":97,"column":null}},"type":"cond-expr","locations":[{"start":{"line":66,"column":4},"end":{"line":74,"column":null}},{"start":{"line":76,"column":4},"end":{"line":97,"column":null}}],"line":65},"5":{"loc":{"start":{"line":89,"column":6},"end":{"line":89,"column":null}},"type":"binary-expr","locations":[{"start":{"line":89,"column":6},"end":{"line":89,"column":15}},{"start":{"line":89,"column":15},"end":{"line":89,"column":null}}],"line":89},"6":{"loc":{"start":{"line":90,"column":6},"end":{"line":95,"column":null}},"type":"binary-expr","locations":[{"start":{"line":90,"column":6},"end":{"line":90,"column":null}},{"start":{"line":91,"column":6},"end":{"line":95,"column":null}}],"line":90}},"s":{"0":1,"1":52,"2":52,"3":27,"4":24,"5":24,"6":1,"7":1,"8":2,"9":2,"10":52,"11":52,"12":52,"13":52,"14":46,"15":10,"16":36,"17":52},"f":{"0":52,"1":27,"2":46},"b":{"0":[24,1,2],"1":[52,34],"2":[10,36],"3":[46,12],"4":[6,46],"5":[46,4],"6":[46,12]},"meta":{"lastBranch":7,"lastFunction":3,"lastStatement":18,"seen":{"s:28:28:101:Infinity":0,"f:28:28:28:29":0,"s:29:29:29:Infinity":1,"s:31:1:43:Infinity":2,"f:31:11:31:17":1,"b:33:3:35:Infinity:36:3:38:Infinity:39:3:41:Infinity":0,"s:32:2:42:Infinity":3,"s:34:4:34:Infinity":4,"s:35:4:35:Infinity":5,"s:37:4:37:Infinity":6,"s:38:4:38:Infinity":7,"s:40:4:40:Infinity":8,"s:41:4:41:Infinity":9,"s:45:18:45:Infinity":10,"b:45:18:45:47:45:47:45:Infinity":1,"s:46:19:46:Infinity":11,"s:47:20:47:Infinity":12,"s:49:24:54:Infinity":13,"f:49:24:49:40":2,"b:50:2:52:Infinity:undefined:undefined:undefined:undefined":2,"s:50:2:52:Infinity":14,"b:50:6:50:21:50:21:50:49":3,"s:51:3:51:Infinity":15,"s:53:2:53:Infinity":16,"s:56:1:99:Infinity":17,"b:66:4:74:Infinity:76:4:97:Infinity":4,"b:89:6:89:15:89:15:89:Infinity":5,"b:90:6:90:Infinity:91:6:95:Infinity":6}}}
,"/Users/ming/Documents/Documents/Software-development/code-test/tic-tac-toe-multiplayer/src/pages/TicTacToe/components/View/index.tsx": {"path":"/Users/ming/Documents/Documents/Software-development/code-test/tic-tac-toe-multiplayer/src/pages/TicTacToe/components/View/index.tsx","statementMap":{},"fnMap":{},"branchMap":{},"s":{},"f":{},"b":{},"meta":{"lastBranch":0,"lastFunction":0,"lastStatement":0,"seen":{}}}
,"/Users/ming/Documents/Documents/Software-development/code-test/tic-tac-toe-multiplayer/src/styles/theme.ts": {"path":"/Users/ming/Documents/Documents/Software-development/code-test/tic-tac-toe-multiplayer/src/styles/theme.ts","statementMap":{"0":{"start":{"line":1,"column":21},"end":{"line":111,"column":null}}},"fnMap":{},"branchMap":{},"s":{"0":11},"f":{},"b":{},"meta":{"lastBranch":0,"lastFunction":0,"lastStatement":1,"seen":{"s:1:21:111:Infinity":0}}}
,"/Users/ming/Documents/Documents/Software-development/code-test/tic-tac-toe-multiplayer/src/utils/logger.ts": {"path":"/Users/ming/Documents/Documents/Software-development/code-test/tic-tac-toe-multiplayer/src/utils/logger.ts","statementMap":{"0":{"start":{"line":1,"column":14},"end":{"line":1,"column":null}},"1":{"start":{"line":3,"column":22},"end":{"line":13,"column":null}},"2":{"start":{"line":5,"column":2},"end":{"line":5,"column":null}},"3":{"start":{"line":5,"column":13},"end":{"line":5,"column":null}},"4":{"start":{"line":8,"column":2},"end":{"line":8,"column":null}},"5":{"start":{"line":11,"column":2},"end":{"line":11,"column":null}}},"fnMap":{"0":{"name":"(anonymous_0)","decl":{"start":{"line":4,"column":7},"end":{"line":4,"column":11}},"loc":{"start":{"line":4,"column":31},"end":{"line":6,"column":null}},"line":4},"1":{"name":"(anonymous_1)","decl":{"start":{"line":7,"column":7},"end":{"line":7,"column":11}},"loc":{"start":{"line":7,"column":31},"end":{"line":9,"column":null}},"line":7},"2":{"name":"(anonymous_2)","decl":{"start":{"line":10,"column":8},"end":{"line":10,"column":12}},"loc":{"start":{"line":10,"column":32},"end":{"line":12,"column":null}},"line":10}},"branchMap":{"0":{"loc":{"start":{"line":5,"column":2},"end":{"line":5,"column":null}},"type":"if","locations":[{"start":{"line":5,"column":2},"end":{"line":5,"column":null}},{"start":{},"end":{}}],"line":5}},"s":{"0":2,"1":2,"2":0,"3":0,"4":0,"5":3},"f":{"0":0,"1":0,"2":3},"b":{"0":[0,0]},"meta":{"lastBranch":1,"lastFunction":3,"lastStatement":6,"seen":{"s:1:14:1:Infinity":0,"s:3:22:13:Infinity":1,"f:4:7:4:11":0,"b:5:2:5:Infinity:undefined:undefined:undefined:undefined":0,"s:5:2:5:Infinity":2,"s:5:13:5:Infinity":3,"f:7:7:7:11":1,"s:8:2:8:Infinity":4,"f:10:8:10:12":2,"s:11:2:11:Infinity":5}}}
}
